2020-04-27 10:38:38.852 [restartedMain] INFO  com.whpu.blog.BlogApplication - Starting BlogApplication on LAPTOP-F0HI9D8M with PID 940 (D:\IdeaProjects\blog\target\classes started by jy in D:\IdeaProjects\blog)
2020-04-27 10:38:38.855 [restartedMain] INFO  com.whpu.blog.BlogApplication - The following profiles are active: dev
2020-04-27 10:38:38.902 [restartedMain] INFO  o.s.b.d.env.DevToolsPropertyDefaultsPostProcessor - Devtools property defaults active! Set 'spring.devtools.add-properties' to 'false' to disable
2020-04-27 10:38:38.903 [restartedMain] INFO  o.s.b.d.env.DevToolsPropertyDefaultsPostProcessor - For additional web related logging consider setting the 'logging.level.web' property to 'DEBUG'
2020-04-27 10:38:40.373 [restartedMain] INFO  o.s.boot.web.embedded.tomcat.TomcatWebServer - Tomcat initialized with port(s): 8080 (http)
2020-04-27 10:38:40.383 [restartedMain] INFO  org.apache.coyote.http11.Http11NioProtocol - Initializing ProtocolHandler ["http-nio-8080"]
2020-04-27 10:38:40.383 [restartedMain] INFO  org.apache.catalina.core.StandardService - Starting service [Tomcat]
2020-04-27 10:38:40.384 [restartedMain] INFO  org.apache.catalina.core.StandardEngine - Starting Servlet engine: [Apache Tomcat/9.0.33]
2020-04-27 10:38:40.497 [restartedMain] INFO  o.a.c.core.ContainerBase.[Tomcat].[localhost].[/] - Initializing Spring embedded WebApplicationContext
2020-04-27 10:38:40.497 [restartedMain] INFO  org.springframework.web.context.ContextLoader - Root WebApplicationContext: initialization completed in 1594 ms
2020-04-27 10:38:41.212 [restartedMain] INFO  o.s.scheduling.concurrent.ThreadPoolTaskExecutor - Initializing ExecutorService 'applicationTaskExecutor'
2020-04-27 10:38:41.292 [restartedMain] INFO  o.s.b.a.web.servlet.WelcomePageHandlerMapping - Adding welcome page template: index
2020-04-27 10:38:41.316 [restartedMain] WARN  o.s.w.servlet.resource.ResourceHttpRequestHandler - Locations list is empty. No resources will be served unless a custom ResourceResolver is configured as an alternative to PathResourceResolver.
2020-04-27 10:38:41.643 [restartedMain] INFO  o.s.b.d.autoconfigure.OptionalLiveReloadServer - LiveReload server is running on port 35729
2020-04-27 10:38:41.670 [restartedMain] INFO  org.apache.coyote.http11.Http11NioProtocol - Starting ProtocolHandler ["http-nio-8080"]
2020-04-27 10:38:41.689 [restartedMain] INFO  o.s.boot.web.embedded.tomcat.TomcatWebServer - Tomcat started on port(s): 8080 (http) with context path ''
2020-04-27 10:38:41.691 [restartedMain] INFO  com.whpu.blog.BlogApplication - Started BlogApplication in 3.402 seconds (JVM running for 4.738)
2020-04-27 10:38:50.369 [http-nio-8080-exec-1] INFO  o.a.c.core.ContainerBase.[Tomcat].[localhost].[/] - Initializing Spring DispatcherServlet 'dispatcherServlet'
2020-04-27 10:38:50.369 [http-nio-8080-exec-1] INFO  org.springframework.web.servlet.DispatcherServlet - Initializing Servlet 'dispatcherServlet'
2020-04-27 10:38:50.379 [http-nio-8080-exec-1] INFO  org.springframework.web.servlet.DispatcherServlet - Completed initialization in 10 ms
2020-04-27 10:38:50.408 [http-nio-8080-exec-1] INFO  com.whpu.blog.aspect.LogAspect - Result : LogAspect.ResultLog(url=http://localhost:8080/, ip=0:0:0:0:0:0:0:1, classMethod=com.whpu.blog.controller.IndexController.index, args=[1, {}])
2020-04-27 10:38:50.487 [http-nio-8080-exec-1] INFO  com.alibaba.druid.pool.DruidDataSource - {dataSource-1} inited
2020-04-27 10:38:52.750 [Druid-ConnectionPool-Create-1696579003] ERROR com.alibaba.druid.pool.DruidDataSource - create connection SQLException, url: jdbc:mysql://localhost:3306/blog?useUnicode=true&characterEncoding=utf-8, errorCode 0, state 08S01
com.mysql.jdbc.exceptions.jdbc4.CommunicationsException: Communications link failure

The last packet sent successfully to the server was 0 milliseconds ago. The driver has not received any packets from the server.
	at sun.reflect.NativeConstructorAccessorImpl.newInstance0(Native Method)
	at sun.reflect.NativeConstructorAccessorImpl.newInstance(NativeConstructorAccessorImpl.java:62)
	at sun.reflect.DelegatingConstructorAccessorImpl.newInstance(DelegatingConstructorAccessorImpl.java:45)
	at java.lang.reflect.Constructor.newInstance(Constructor.java:423)
	at com.mysql.jdbc.Util.handleNewInstance(Util.java:411)
	at com.mysql.jdbc.SQLError.createCommunicationsException(SQLError.java:1121)
	at com.mysql.jdbc.MysqlIO.readPacket(MysqlIO.java:676)
	at com.mysql.jdbc.MysqlIO.doHandshake(MysqlIO.java:1088)
	at com.mysql.jdbc.ConnectionImpl.coreConnect(ConnectionImpl.java:2493)
	at com.mysql.jdbc.ConnectionImpl.connectOneTryOnly(ConnectionImpl.java:2526)
	at com.mysql.jdbc.ConnectionImpl.createNewIO(ConnectionImpl.java:2311)
	at com.mysql.jdbc.ConnectionImpl.<init>(ConnectionImpl.java:834)
	at com.mysql.jdbc.JDBC4Connection.<init>(JDBC4Connection.java:47)
	at sun.reflect.NativeConstructorAccessorImpl.newInstance0(Native Method)
	at sun.reflect.NativeConstructorAccessorImpl.newInstance(NativeConstructorAccessorImpl.java:62)
	at sun.reflect.DelegatingConstructorAccessorImpl.newInstance(DelegatingConstructorAccessorImpl.java:45)
	at java.lang.reflect.Constructor.newInstance(Constructor.java:423)
	at com.mysql.jdbc.Util.handleNewInstance(Util.java:411)
	at com.mysql.jdbc.ConnectionImpl.getInstance(ConnectionImpl.java:416)
	at com.mysql.jdbc.NonRegisteringDriver.connect(NonRegisteringDriver.java:347)
	at com.alibaba.druid.pool.DruidAbstractDataSource.createPhysicalConnection(DruidAbstractDataSource.java:1570)
	at com.alibaba.druid.pool.DruidAbstractDataSource.createPhysicalConnection(DruidAbstractDataSource.java:1636)
	at com.alibaba.druid.pool.DruidDataSource$CreateConnectionThread.run(DruidDataSource.java:2505)
Caused by: java.net.SocketException: Connection reset
	at java.net.SocketInputStream.read(SocketInputStream.java:210)
	at java.net.SocketInputStream.read(SocketInputStream.java:141)
	at com.mysql.jdbc.util.ReadAheadInputStream.fill(ReadAheadInputStream.java:114)
	at com.mysql.jdbc.util.ReadAheadInputStream.readFromUnderlyingStreamIfNecessary(ReadAheadInputStream.java:161)
	at com.mysql.jdbc.util.ReadAheadInputStream.read(ReadAheadInputStream.java:189)
	at com.mysql.jdbc.MysqlIO.readFully(MysqlIO.java:3163)
	at com.mysql.jdbc.MysqlIO.readPacket(MysqlIO.java:600)
	... 16 common frames omitted
2020-04-27 10:38:56.772 [Druid-ConnectionPool-Create-1696579003] ERROR com.alibaba.druid.pool.DruidDataSource - create connection SQLException, url: jdbc:mysql://localhost:3306/blog?useUnicode=true&characterEncoding=utf-8, errorCode 0, state 08S01
com.mysql.jdbc.exceptions.jdbc4.CommunicationsException: Communications link failure

The last packet sent successfully to the server was 0 milliseconds ago. The driver has not received any packets from the server.
	at sun.reflect.NativeConstructorAccessorImpl.newInstance0(Native Method)
	at sun.reflect.NativeConstructorAccessorImpl.newInstance(NativeConstructorAccessorImpl.java:62)
	at sun.reflect.DelegatingConstructorAccessorImpl.newInstance(DelegatingConstructorAccessorImpl.java:45)
	at java.lang.reflect.Constructor.newInstance(Constructor.java:423)
	at com.mysql.jdbc.Util.handleNewInstance(Util.java:411)
	at com.mysql.jdbc.SQLError.createCommunicationsException(SQLError.java:1121)
	at com.mysql.jdbc.MysqlIO.<init>(MysqlIO.java:358)
	at com.mysql.jdbc.ConnectionImpl.coreConnect(ConnectionImpl.java:2489)
	at com.mysql.jdbc.ConnectionImpl.connectOneTryOnly(ConnectionImpl.java:2526)
	at com.mysql.jdbc.ConnectionImpl.createNewIO(ConnectionImpl.java:2311)
	at com.mysql.jdbc.ConnectionImpl.<init>(ConnectionImpl.java:834)
	at com.mysql.jdbc.JDBC4Connection.<init>(JDBC4Connection.java:47)
	at sun.reflect.NativeConstructorAccessorImpl.newInstance0(Native Method)
	at sun.reflect.NativeConstructorAccessorImpl.newInstance(NativeConstructorAccessorImpl.java:62)
	at sun.reflect.DelegatingConstructorAccessorImpl.newInstance(DelegatingConstructorAccessorImpl.java:45)
	at java.lang.reflect.Constructor.newInstance(Constructor.java:423)
	at com.mysql.jdbc.Util.handleNewInstance(Util.java:411)
	at com.mysql.jdbc.ConnectionImpl.getInstance(ConnectionImpl.java:416)
	at com.mysql.jdbc.NonRegisteringDriver.connect(NonRegisteringDriver.java:347)
	at com.alibaba.druid.pool.DruidAbstractDataSource.createPhysicalConnection(DruidAbstractDataSource.java:1570)
	at com.alibaba.druid.pool.DruidAbstractDataSource.createPhysicalConnection(DruidAbstractDataSource.java:1636)
	at com.alibaba.druid.pool.DruidDataSource$CreateConnectionThread.run(DruidDataSource.java:2505)
Caused by: java.net.ConnectException: Connection refused: connect
	at java.net.DualStackPlainSocketImpl.connect0(Native Method)
	at java.net.DualStackPlainSocketImpl.socketConnect(DualStackPlainSocketImpl.java:79)
	at java.net.AbstractPlainSocketImpl.doConnect(AbstractPlainSocketImpl.java:350)
	at java.net.AbstractPlainSocketImpl.connectToAddress(AbstractPlainSocketImpl.java:206)
	at java.net.AbstractPlainSocketImpl.connect(AbstractPlainSocketImpl.java:188)
	at java.net.PlainSocketImpl.connect(PlainSocketImpl.java:172)
	at java.net.SocksSocketImpl.connect(SocksSocketImpl.java:392)
	at java.net.Socket.connect(Socket.java:589)
	at java.net.Socket.connect(Socket.java:538)
	at java.net.Socket.<init>(Socket.java:434)
	at java.net.Socket.<init>(Socket.java:244)
	at com.mysql.jdbc.StandardSocketFactory.connect(StandardSocketFactory.java:259)
	at com.mysql.jdbc.MysqlIO.<init>(MysqlIO.java:308)
	... 15 common frames omitted
2020-04-27 10:39:01.282 [Druid-ConnectionPool-Create-1696579003] ERROR com.alibaba.druid.pool.DruidDataSource - create connection SQLException, url: jdbc:mysql://localhost:3306/blog?useUnicode=true&characterEncoding=utf-8, errorCode 0, state 08S01
com.mysql.jdbc.exceptions.jdbc4.CommunicationsException: Communications link failure

The last packet sent successfully to the server was 0 milliseconds ago. The driver has not received any packets from the server.
	at sun.reflect.NativeConstructorAccessorImpl.newInstance0(Native Method)
	at sun.reflect.NativeConstructorAccessorImpl.newInstance(NativeConstructorAccessorImpl.java:62)
	at sun.reflect.DelegatingConstructorAccessorImpl.newInstance(DelegatingConstructorAccessorImpl.java:45)
	at java.lang.reflect.Constructor.newInstance(Constructor.java:423)
	at com.mysql.jdbc.Util.handleNewInstance(Util.java:411)
	at com.mysql.jdbc.SQLError.createCommunicationsException(SQLError.java:1121)
	at com.mysql.jdbc.MysqlIO.<init>(MysqlIO.java:358)
	at com.mysql.jdbc.ConnectionImpl.coreConnect(ConnectionImpl.java:2489)
	at com.mysql.jdbc.ConnectionImpl.connectOneTryOnly(ConnectionImpl.java:2526)
	at com.mysql.jdbc.ConnectionImpl.createNewIO(ConnectionImpl.java:2311)
	at com.mysql.jdbc.ConnectionImpl.<init>(ConnectionImpl.java:834)
	at com.mysql.jdbc.JDBC4Connection.<init>(JDBC4Connection.java:47)
	at sun.reflect.NativeConstructorAccessorImpl.newInstance0(Native Method)
	at sun.reflect.NativeConstructorAccessorImpl.newInstance(NativeConstructorAccessorImpl.java:62)
	at sun.reflect.DelegatingConstructorAccessorImpl.newInstance(DelegatingConstructorAccessorImpl.java:45)
	at java.lang.reflect.Constructor.newInstance(Constructor.java:423)
	at com.mysql.jdbc.Util.handleNewInstance(Util.java:411)
	at com.mysql.jdbc.ConnectionImpl.getInstance(ConnectionImpl.java:416)
	at com.mysql.jdbc.NonRegisteringDriver.connect(NonRegisteringDriver.java:347)
	at com.alibaba.druid.pool.DruidAbstractDataSource.createPhysicalConnection(DruidAbstractDataSource.java:1570)
	at com.alibaba.druid.pool.DruidAbstractDataSource.createPhysicalConnection(DruidAbstractDataSource.java:1636)
	at com.alibaba.druid.pool.DruidDataSource$CreateConnectionThread.run(DruidDataSource.java:2505)
Caused by: java.net.ConnectException: Connection refused: connect
	at java.net.DualStackPlainSocketImpl.connect0(Native Method)
	at java.net.DualStackPlainSocketImpl.socketConnect(DualStackPlainSocketImpl.java:79)
	at java.net.AbstractPlainSocketImpl.doConnect(AbstractPlainSocketImpl.java:350)
	at java.net.AbstractPlainSocketImpl.connectToAddress(AbstractPlainSocketImpl.java:206)
	at java.net.AbstractPlainSocketImpl.connect(AbstractPlainSocketImpl.java:188)
	at java.net.PlainSocketImpl.connect(PlainSocketImpl.java:172)
	at java.net.SocksSocketImpl.connect(SocksSocketImpl.java:392)
	at java.net.Socket.connect(Socket.java:589)
	at java.net.Socket.connect(Socket.java:538)
	at java.net.Socket.<init>(Socket.java:434)
	at java.net.Socket.<init>(Socket.java:244)
	at com.mysql.jdbc.StandardSocketFactory.connect(StandardSocketFactory.java:259)
	at com.mysql.jdbc.MysqlIO.<init>(MysqlIO.java:308)
	... 15 common frames omitted
2020-04-27 10:39:05.788 [Druid-ConnectionPool-Create-1696579003] ERROR com.alibaba.druid.pool.DruidDataSource - create connection SQLException, url: jdbc:mysql://localhost:3306/blog?useUnicode=true&characterEncoding=utf-8, errorCode 0, state 08S01
com.mysql.jdbc.exceptions.jdbc4.CommunicationsException: Communications link failure

The last packet sent successfully to the server was 0 milliseconds ago. The driver has not received any packets from the server.
	at sun.reflect.NativeConstructorAccessorImpl.newInstance0(Native Method)
	at sun.reflect.NativeConstructorAccessorImpl.newInstance(NativeConstructorAccessorImpl.java:62)
	at sun.reflect.DelegatingConstructorAccessorImpl.newInstance(DelegatingConstructorAccessorImpl.java:45)
	at java.lang.reflect.Constructor.newInstance(Constructor.java:423)
	at com.mysql.jdbc.Util.handleNewInstance(Util.java:411)
	at com.mysql.jdbc.SQLError.createCommunicationsException(SQLError.java:1121)
	at com.mysql.jdbc.MysqlIO.<init>(MysqlIO.java:358)
	at com.mysql.jdbc.ConnectionImpl.coreConnect(ConnectionImpl.java:2489)
	at com.mysql.jdbc.ConnectionImpl.connectOneTryOnly(ConnectionImpl.java:2526)
	at com.mysql.jdbc.ConnectionImpl.createNewIO(ConnectionImpl.java:2311)
	at com.mysql.jdbc.ConnectionImpl.<init>(ConnectionImpl.java:834)
	at com.mysql.jdbc.JDBC4Connection.<init>(JDBC4Connection.java:47)
	at sun.reflect.NativeConstructorAccessorImpl.newInstance0(Native Method)
	at sun.reflect.NativeConstructorAccessorImpl.newInstance(NativeConstructorAccessorImpl.java:62)
	at sun.reflect.DelegatingConstructorAccessorImpl.newInstance(DelegatingConstructorAccessorImpl.java:45)
	at java.lang.reflect.Constructor.newInstance(Constructor.java:423)
	at com.mysql.jdbc.Util.handleNewInstance(Util.java:411)
	at com.mysql.jdbc.ConnectionImpl.getInstance(ConnectionImpl.java:416)
	at com.mysql.jdbc.NonRegisteringDriver.connect(NonRegisteringDriver.java:347)
	at com.alibaba.druid.pool.DruidAbstractDataSource.createPhysicalConnection(DruidAbstractDataSource.java:1570)
	at com.alibaba.druid.pool.DruidAbstractDataSource.createPhysicalConnection(DruidAbstractDataSource.java:1636)
	at com.alibaba.druid.pool.DruidDataSource$CreateConnectionThread.run(DruidDataSource.java:2505)
Caused by: java.net.ConnectException: Connection refused: connect
	at java.net.DualStackPlainSocketImpl.connect0(Native Method)
	at java.net.DualStackPlainSocketImpl.socketConnect(DualStackPlainSocketImpl.java:79)
	at java.net.AbstractPlainSocketImpl.doConnect(AbstractPlainSocketImpl.java:350)
	at java.net.AbstractPlainSocketImpl.connectToAddress(AbstractPlainSocketImpl.java:206)
	at java.net.AbstractPlainSocketImpl.connect(AbstractPlainSocketImpl.java:188)
	at java.net.PlainSocketImpl.connect(PlainSocketImpl.java:172)
	at java.net.SocksSocketImpl.connect(SocksSocketImpl.java:392)
	at java.net.Socket.connect(Socket.java:589)
	at java.net.Socket.connect(Socket.java:538)
	at java.net.Socket.<init>(Socket.java:434)
	at java.net.Socket.<init>(Socket.java:244)
	at com.mysql.jdbc.StandardSocketFactory.connect(StandardSocketFactory.java:259)
	at com.mysql.jdbc.MysqlIO.<init>(MysqlIO.java:308)
	... 15 common frames omitted
2020-04-27 10:39:10.304 [Druid-ConnectionPool-Create-1696579003] ERROR com.alibaba.druid.pool.DruidDataSource - create connection SQLException, url: jdbc:mysql://localhost:3306/blog?useUnicode=true&characterEncoding=utf-8, errorCode 0, state 08S01
com.mysql.jdbc.exceptions.jdbc4.CommunicationsException: Communications link failure

The last packet sent successfully to the server was 0 milliseconds ago. The driver has not received any packets from the server.
	at sun.reflect.NativeConstructorAccessorImpl.newInstance0(Native Method)
	at sun.reflect.NativeConstructorAccessorImpl.newInstance(NativeConstructorAccessorImpl.java:62)
	at sun.reflect.DelegatingConstructorAccessorImpl.newInstance(DelegatingConstructorAccessorImpl.java:45)
	at java.lang.reflect.Constructor.newInstance(Constructor.java:423)
	at com.mysql.jdbc.Util.handleNewInstance(Util.java:411)
	at com.mysql.jdbc.SQLError.createCommunicationsException(SQLError.java:1121)
	at com.mysql.jdbc.MysqlIO.<init>(MysqlIO.java:358)
	at com.mysql.jdbc.ConnectionImpl.coreConnect(ConnectionImpl.java:2489)
	at com.mysql.jdbc.ConnectionImpl.connectOneTryOnly(ConnectionImpl.java:2526)
	at com.mysql.jdbc.ConnectionImpl.createNewIO(ConnectionImpl.java:2311)
	at com.mysql.jdbc.ConnectionImpl.<init>(ConnectionImpl.java:834)
	at com.mysql.jdbc.JDBC4Connection.<init>(JDBC4Connection.java:47)
	at sun.reflect.NativeConstructorAccessorImpl.newInstance0(Native Method)
	at sun.reflect.NativeConstructorAccessorImpl.newInstance(NativeConstructorAccessorImpl.java:62)
	at sun.reflect.DelegatingConstructorAccessorImpl.newInstance(DelegatingConstructorAccessorImpl.java:45)
	at java.lang.reflect.Constructor.newInstance(Constructor.java:423)
	at com.mysql.jdbc.Util.handleNewInstance(Util.java:411)
	at com.mysql.jdbc.ConnectionImpl.getInstance(ConnectionImpl.java:416)
	at com.mysql.jdbc.NonRegisteringDriver.connect(NonRegisteringDriver.java:347)
	at com.alibaba.druid.pool.DruidAbstractDataSource.createPhysicalConnection(DruidAbstractDataSource.java:1570)
	at com.alibaba.druid.pool.DruidAbstractDataSource.createPhysicalConnection(DruidAbstractDataSource.java:1636)
	at com.alibaba.druid.pool.DruidDataSource$CreateConnectionThread.run(DruidDataSource.java:2505)
Caused by: java.net.ConnectException: Connection refused: connect
	at java.net.DualStackPlainSocketImpl.connect0(Native Method)
	at java.net.DualStackPlainSocketImpl.socketConnect(DualStackPlainSocketImpl.java:79)
	at java.net.AbstractPlainSocketImpl.doConnect(AbstractPlainSocketImpl.java:350)
	at java.net.AbstractPlainSocketImpl.connectToAddress(AbstractPlainSocketImpl.java:206)
	at java.net.AbstractPlainSocketImpl.connect(AbstractPlainSocketImpl.java:188)
	at java.net.PlainSocketImpl.connect(PlainSocketImpl.java:172)
	at java.net.SocksSocketImpl.connect(SocksSocketImpl.java:392)
	at java.net.Socket.connect(Socket.java:589)
	at java.net.Socket.connect(Socket.java:538)
	at java.net.Socket.<init>(Socket.java:434)
	at java.net.Socket.<init>(Socket.java:244)
	at com.mysql.jdbc.StandardSocketFactory.connect(StandardSocketFactory.java:259)
	at com.mysql.jdbc.MysqlIO.<init>(MysqlIO.java:308)
	... 15 common frames omitted
2020-04-27 10:39:14.815 [Druid-ConnectionPool-Create-1696579003] ERROR com.alibaba.druid.pool.DruidDataSource - create connection SQLException, url: jdbc:mysql://localhost:3306/blog?useUnicode=true&characterEncoding=utf-8, errorCode 0, state 08S01
com.mysql.jdbc.exceptions.jdbc4.CommunicationsException: Communications link failure

The last packet sent successfully to the server was 0 milliseconds ago. The driver has not received any packets from the server.
	at sun.reflect.NativeConstructorAccessorImpl.newInstance0(Native Method)
	at sun.reflect.NativeConstructorAccessorImpl.newInstance(NativeConstructorAccessorImpl.java:62)
	at sun.reflect.DelegatingConstructorAccessorImpl.newInstance(DelegatingConstructorAccessorImpl.java:45)
	at java.lang.reflect.Constructor.newInstance(Constructor.java:423)
	at com.mysql.jdbc.Util.handleNewInstance(Util.java:411)
	at com.mysql.jdbc.SQLError.createCommunicationsException(SQLError.java:1121)
	at com.mysql.jdbc.MysqlIO.<init>(MysqlIO.java:358)
	at com.mysql.jdbc.ConnectionImpl.coreConnect(ConnectionImpl.java:2489)
	at com.mysql.jdbc.ConnectionImpl.connectOneTryOnly(ConnectionImpl.java:2526)
	at com.mysql.jdbc.ConnectionImpl.createNewIO(ConnectionImpl.java:2311)
	at com.mysql.jdbc.ConnectionImpl.<init>(ConnectionImpl.java:834)
	at com.mysql.jdbc.JDBC4Connection.<init>(JDBC4Connection.java:47)
	at sun.reflect.NativeConstructorAccessorImpl.newInstance0(Native Method)
	at sun.reflect.NativeConstructorAccessorImpl.newInstance(NativeConstructorAccessorImpl.java:62)
	at sun.reflect.DelegatingConstructorAccessorImpl.newInstance(DelegatingConstructorAccessorImpl.java:45)
	at java.lang.reflect.Constructor.newInstance(Constructor.java:423)
	at com.mysql.jdbc.Util.handleNewInstance(Util.java:411)
	at com.mysql.jdbc.ConnectionImpl.getInstance(ConnectionImpl.java:416)
	at com.mysql.jdbc.NonRegisteringDriver.connect(NonRegisteringDriver.java:347)
	at com.alibaba.druid.pool.DruidAbstractDataSource.createPhysicalConnection(DruidAbstractDataSource.java:1570)
	at com.alibaba.druid.pool.DruidAbstractDataSource.createPhysicalConnection(DruidAbstractDataSource.java:1636)
	at com.alibaba.druid.pool.DruidDataSource$CreateConnectionThread.run(DruidDataSource.java:2505)
Caused by: java.net.ConnectException: Connection refused: connect
	at java.net.DualStackPlainSocketImpl.connect0(Native Method)
	at java.net.DualStackPlainSocketImpl.socketConnect(DualStackPlainSocketImpl.java:79)
	at java.net.AbstractPlainSocketImpl.doConnect(AbstractPlainSocketImpl.java:350)
	at java.net.AbstractPlainSocketImpl.connectToAddress(AbstractPlainSocketImpl.java:206)
	at java.net.AbstractPlainSocketImpl.connect(AbstractPlainSocketImpl.java:188)
	at java.net.PlainSocketImpl.connect(PlainSocketImpl.java:172)
	at java.net.SocksSocketImpl.connect(SocksSocketImpl.java:392)
	at java.net.Socket.connect(Socket.java:589)
	at java.net.Socket.connect(Socket.java:538)
	at java.net.Socket.<init>(Socket.java:434)
	at java.net.Socket.<init>(Socket.java:244)
	at com.mysql.jdbc.StandardSocketFactory.connect(StandardSocketFactory.java:259)
	at com.mysql.jdbc.MysqlIO.<init>(MysqlIO.java:308)
	... 15 common frames omitted
2020-04-27 10:39:19.323 [Druid-ConnectionPool-Create-1696579003] ERROR com.alibaba.druid.pool.DruidDataSource - create connection SQLException, url: jdbc:mysql://localhost:3306/blog?useUnicode=true&characterEncoding=utf-8, errorCode 0, state 08S01
com.mysql.jdbc.exceptions.jdbc4.CommunicationsException: Communications link failure

The last packet sent successfully to the server was 0 milliseconds ago. The driver has not received any packets from the server.
	at sun.reflect.NativeConstructorAccessorImpl.newInstance0(Native Method)
	at sun.reflect.NativeConstructorAccessorImpl.newInstance(NativeConstructorAccessorImpl.java:62)
	at sun.reflect.DelegatingConstructorAccessorImpl.newInstance(DelegatingConstructorAccessorImpl.java:45)
	at java.lang.reflect.Constructor.newInstance(Constructor.java:423)
	at com.mysql.jdbc.Util.handleNewInstance(Util.java:411)
	at com.mysql.jdbc.SQLError.createCommunicationsException(SQLError.java:1121)
	at com.mysql.jdbc.MysqlIO.<init>(MysqlIO.java:358)
	at com.mysql.jdbc.ConnectionImpl.coreConnect(ConnectionImpl.java:2489)
	at com.mysql.jdbc.ConnectionImpl.connectOneTryOnly(ConnectionImpl.java:2526)
	at com.mysql.jdbc.ConnectionImpl.createNewIO(ConnectionImpl.java:2311)
	at com.mysql.jdbc.ConnectionImpl.<init>(ConnectionImpl.java:834)
	at com.mysql.jdbc.JDBC4Connection.<init>(JDBC4Connection.java:47)
	at sun.reflect.NativeConstructorAccessorImpl.newInstance0(Native Method)
	at sun.reflect.NativeConstructorAccessorImpl.newInstance(NativeConstructorAccessorImpl.java:62)
	at sun.reflect.DelegatingConstructorAccessorImpl.newInstance(DelegatingConstructorAccessorImpl.java:45)
	at java.lang.reflect.Constructor.newInstance(Constructor.java:423)
	at com.mysql.jdbc.Util.handleNewInstance(Util.java:411)
	at com.mysql.jdbc.ConnectionImpl.getInstance(ConnectionImpl.java:416)
	at com.mysql.jdbc.NonRegisteringDriver.connect(NonRegisteringDriver.java:347)
	at com.alibaba.druid.pool.DruidAbstractDataSource.createPhysicalConnection(DruidAbstractDataSource.java:1570)
	at com.alibaba.druid.pool.DruidAbstractDataSource.createPhysicalConnection(DruidAbstractDataSource.java:1636)
	at com.alibaba.druid.pool.DruidDataSource$CreateConnectionThread.run(DruidDataSource.java:2505)
Caused by: java.net.ConnectException: Connection refused: connect
	at java.net.DualStackPlainSocketImpl.connect0(Native Method)
	at java.net.DualStackPlainSocketImpl.socketConnect(DualStackPlainSocketImpl.java:79)
	at java.net.AbstractPlainSocketImpl.doConnect(AbstractPlainSocketImpl.java:350)
	at java.net.AbstractPlainSocketImpl.connectToAddress(AbstractPlainSocketImpl.java:206)
	at java.net.AbstractPlainSocketImpl.connect(AbstractPlainSocketImpl.java:188)
	at java.net.PlainSocketImpl.connect(PlainSocketImpl.java:172)
	at java.net.SocksSocketImpl.connect(SocksSocketImpl.java:392)
	at java.net.Socket.connect(Socket.java:589)
	at java.net.Socket.connect(Socket.java:538)
	at java.net.Socket.<init>(Socket.java:434)
	at java.net.Socket.<init>(Socket.java:244)
	at com.mysql.jdbc.StandardSocketFactory.connect(StandardSocketFactory.java:259)
	at com.mysql.jdbc.MysqlIO.<init>(MysqlIO.java:308)
	... 15 common frames omitted
2020-04-27 10:39:20.543 [http-nio-8080-exec-1] INFO  com.whpu.blog.aspect.LogAspect - Result : index
2020-04-27 10:39:29.487 [restartedMain] INFO  com.whpu.blog.BlogApplication - Starting BlogApplication on LAPTOP-F0HI9D8M with PID 1680 (D:\IdeaProjects\blog\target\classes started by jy in D:\IdeaProjects\blog)
2020-04-27 10:39:29.490 [restartedMain] INFO  com.whpu.blog.BlogApplication - The following profiles are active: dev
2020-04-27 10:39:29.576 [restartedMain] INFO  o.s.b.d.env.DevToolsPropertyDefaultsPostProcessor - Devtools property defaults active! Set 'spring.devtools.add-properties' to 'false' to disable
2020-04-27 10:39:29.577 [restartedMain] INFO  o.s.b.d.env.DevToolsPropertyDefaultsPostProcessor - For additional web related logging consider setting the 'logging.level.web' property to 'DEBUG'
2020-04-27 10:39:30.611 [restartedMain] INFO  o.s.boot.web.embedded.tomcat.TomcatWebServer - Tomcat initialized with port(s): 8080 (http)
2020-04-27 10:39:30.617 [restartedMain] INFO  org.apache.coyote.http11.Http11NioProtocol - Initializing ProtocolHandler ["http-nio-8080"]
2020-04-27 10:39:30.618 [restartedMain] INFO  org.apache.catalina.core.StandardService - Starting service [Tomcat]
2020-04-27 10:39:30.618 [restartedMain] INFO  org.apache.catalina.core.StandardEngine - Starting Servlet engine: [Apache Tomcat/9.0.33]
2020-04-27 10:39:30.669 [restartedMain] INFO  o.a.c.core.ContainerBase.[Tomcat].[localhost].[/] - Initializing Spring embedded WebApplicationContext
2020-04-27 10:39:30.669 [restartedMain] INFO  org.springframework.web.context.ContextLoader - Root WebApplicationContext: initialization completed in 1092 ms
2020-04-27 10:39:31.286 [restartedMain] INFO  o.s.scheduling.concurrent.ThreadPoolTaskExecutor - Initializing ExecutorService 'applicationTaskExecutor'
2020-04-27 10:39:31.387 [restartedMain] INFO  o.s.b.a.web.servlet.WelcomePageHandlerMapping - Adding welcome page template: index
2020-04-27 10:39:31.425 [restartedMain] WARN  o.s.w.servlet.resource.ResourceHttpRequestHandler - Locations list is empty. No resources will be served unless a custom ResourceResolver is configured as an alternative to PathResourceResolver.
2020-04-27 10:39:31.818 [restartedMain] INFO  o.s.b.d.autoconfigure.OptionalLiveReloadServer - LiveReload server is running on port 35729
2020-04-27 10:39:31.871 [restartedMain] INFO  org.apache.coyote.http11.Http11NioProtocol - Starting ProtocolHandler ["http-nio-8080"]
2020-04-27 10:39:31.892 [restartedMain] INFO  o.s.boot.web.embedded.tomcat.TomcatWebServer - Tomcat started on port(s): 8080 (http) with context path ''
2020-04-27 10:39:31.895 [restartedMain] INFO  com.whpu.blog.BlogApplication - Started BlogApplication in 2.921 seconds (JVM running for 3.663)
2020-04-27 10:40:21.260 [http-nio-8080-exec-1] INFO  o.a.c.core.ContainerBase.[Tomcat].[localhost].[/] - Initializing Spring DispatcherServlet 'dispatcherServlet'
2020-04-27 10:40:21.260 [http-nio-8080-exec-1] INFO  org.springframework.web.servlet.DispatcherServlet - Initializing Servlet 'dispatcherServlet'
2020-04-27 10:40:21.267 [http-nio-8080-exec-1] INFO  org.springframework.web.servlet.DispatcherServlet - Completed initialization in 7 ms
2020-04-27 10:40:21.293 [http-nio-8080-exec-1] INFO  com.whpu.blog.aspect.LogAspect - Result : LogAspect.ResultLog(url=http://localhost:8080/, ip=0:0:0:0:0:0:0:1, classMethod=com.whpu.blog.controller.IndexController.index, args=[1, {}])
2020-04-27 10:40:21.354 [http-nio-8080-exec-1] INFO  com.alibaba.druid.pool.DruidDataSource - {dataSource-1} inited
2020-04-27 10:40:21.495 [http-nio-8080-exec-1] INFO  com.whpu.blog.aspect.LogAspect - Result : index
2020-04-27 10:40:47.533 [http-nio-8080-exec-1] INFO  com.whpu.blog.aspect.LogAspect - Result : LogAspect.ResultLog(url=http://localhost:8080/about, ip=0:0:0:0:0:0:0:1, classMethod=com.whpu.blog.controller.IndexController.about, args=[])
2020-04-27 10:40:47.534 [http-nio-8080-exec-1] INFO  com.whpu.blog.aspect.LogAspect - Result : about
2020-04-27 10:40:47.546 [http-nio-8080-exec-1] ERROR org.thymeleaf.TemplateEngine - [THYMELEAF][http-nio-8080-exec-1] Exception processing template "about": An error happened during template parsing (template: "class path resource [templates/about.html]" - line 42, col 23)
org.thymeleaf.exceptions.TemplateInputException: An error happened during template parsing (template: "class path resource [templates/about.html]" - line 42, col 23)
	at org.thymeleaf.templateparser.markup.AbstractMarkupTemplateParser.parse(AbstractMarkupTemplateParser.java:239)
	at org.thymeleaf.templateparser.markup.AbstractMarkupTemplateParser.parseStandalone(AbstractMarkupTemplateParser.java:100)
	at org.thymeleaf.engine.TemplateManager.parseAndProcess(TemplateManager.java:666)
	at org.thymeleaf.TemplateEngine.process(TemplateEngine.java:1098)
	at org.thymeleaf.TemplateEngine.process(TemplateEngine.java:1072)
	at org.thymeleaf.spring5.view.ThymeleafView.renderFragment(ThymeleafView.java:362)
	at org.thymeleaf.spring5.view.ThymeleafView.render(ThymeleafView.java:189)
	at org.springframework.web.servlet.DispatcherServlet.render(DispatcherServlet.java:1373)
	at org.springframework.web.servlet.DispatcherServlet.processDispatchResult(DispatcherServlet.java:1118)
	at org.springframework.web.servlet.DispatcherServlet.doDispatch(DispatcherServlet.java:1057)
	at org.springframework.web.servlet.DispatcherServlet.doService(DispatcherServlet.java:943)
	at org.springframework.web.servlet.FrameworkServlet.processRequest(FrameworkServlet.java:1006)
	at org.springframework.web.servlet.FrameworkServlet.doGet(FrameworkServlet.java:898)
	at javax.servlet.http.HttpServlet.service(HttpServlet.java:634)
	at org.springframework.web.servlet.FrameworkServlet.service(FrameworkServlet.java:883)
	at javax.servlet.http.HttpServlet.service(HttpServlet.java:741)
	at org.apache.catalina.core.ApplicationFilterChain.internalDoFilter(ApplicationFilterChain.java:231)
	at org.apache.catalina.core.ApplicationFilterChain.doFilter(ApplicationFilterChain.java:166)
	at org.apache.tomcat.websocket.server.WsFilter.doFilter(WsFilter.java:53)
	at org.apache.catalina.core.ApplicationFilterChain.internalDoFilter(ApplicationFilterChain.java:193)
	at org.apache.catalina.core.ApplicationFilterChain.doFilter(ApplicationFilterChain.java:166)
	at org.springframework.web.filter.RequestContextFilter.doFilterInternal(RequestContextFilter.java:100)
	at org.springframework.web.filter.OncePerRequestFilter.doFilter(OncePerRequestFilter.java:119)
	at org.apache.catalina.core.ApplicationFilterChain.internalDoFilter(ApplicationFilterChain.java:193)
	at org.apache.catalina.core.ApplicationFilterChain.doFilter(ApplicationFilterChain.java:166)
	at org.springframework.web.filter.FormContentFilter.doFilterInternal(FormContentFilter.java:93)
	at org.springframework.web.filter.OncePerRequestFilter.doFilter(OncePerRequestFilter.java:119)
	at org.apache.catalina.core.ApplicationFilterChain.internalDoFilter(ApplicationFilterChain.java:193)
	at org.apache.catalina.core.ApplicationFilterChain.doFilter(ApplicationFilterChain.java:166)
	at org.springframework.web.filter.CharacterEncodingFilter.doFilterInternal(CharacterEncodingFilter.java:201)
	at org.springframework.web.filter.OncePerRequestFilter.doFilter(OncePerRequestFilter.java:119)
	at org.apache.catalina.core.ApplicationFilterChain.internalDoFilter(ApplicationFilterChain.java:193)
	at org.apache.catalina.core.ApplicationFilterChain.doFilter(ApplicationFilterChain.java:166)
	at org.apache.catalina.core.StandardWrapperValve.invoke(StandardWrapperValve.java:202)
	at org.apache.catalina.core.StandardContextValve.invoke(StandardContextValve.java:96)
	at org.apache.catalina.authenticator.AuthenticatorBase.invoke(AuthenticatorBase.java:541)
	at org.apache.catalina.core.StandardHostValve.invoke(StandardHostValve.java:139)
	at org.apache.catalina.valves.ErrorReportValve.invoke(ErrorReportValve.java:92)
	at org.apache.catalina.core.StandardEngineValve.invoke(StandardEngineValve.java:74)
	at org.apache.catalina.connector.CoyoteAdapter.service(CoyoteAdapter.java:343)
	at org.apache.coyote.http11.Http11Processor.service(Http11Processor.java:373)
	at org.apache.coyote.AbstractProcessorLight.process(AbstractProcessorLight.java:65)
	at org.apache.coyote.AbstractProtocol$ConnectionHandler.process(AbstractProtocol.java:868)
	at org.apache.tomcat.util.net.NioEndpoint$SocketProcessor.doRun(NioEndpoint.java:1594)
	at org.apache.tomcat.util.net.SocketProcessorBase.run(SocketProcessorBase.java:49)
	at java.util.concurrent.ThreadPoolExecutor.runWorker(ThreadPoolExecutor.java:1149)
	at java.util.concurrent.ThreadPoolExecutor$Worker.run(ThreadPoolExecutor.java:624)
	at org.apache.tomcat.util.threads.TaskThread$WrappingRunnable.run(TaskThread.java:61)
	at java.lang.Thread.run(Thread.java:748)
Caused by: org.attoparser.ParseException: (Line = 42, Column = 23) Malformed markup: Attribute "href" appears more than once in element
	at org.attoparser.MarkupEventProcessorHandler.handleAttribute(MarkupEventProcessorHandler.java:549)
	at org.attoparser.ParsingAttributeSequenceUtil.parseAttributeSequence(ParsingAttributeSequenceUtil.java:300)
	at org.attoparser.ParsingElementMarkupUtil.parseOpenElement(ParsingElementMarkupUtil.java:153)
	at org.attoparser.MarkupParser.parseBuffer(MarkupParser.java:710)
	at org.attoparser.MarkupParser.parseDocument(MarkupParser.java:301)
	at org.attoparser.MarkupParser.parse(MarkupParser.java:257)
	at org.thymeleaf.templateparser.markup.AbstractMarkupTemplateParser.parse(AbstractMarkupTemplateParser.java:230)
	... 48 common frames omitted
2020-04-27 10:40:47.560 [http-nio-8080-exec-1] ERROR o.a.c.c.C.[.[localhost].[/].[dispatcherServlet] - Servlet.service() for servlet [dispatcherServlet] in context with path [] threw exception [Request processing failed; nested exception is org.thymeleaf.exceptions.TemplateInputException: An error happened during template parsing (template: "class path resource [templates/about.html]" - line 42, col 23)] with root cause
org.attoparser.ParseException: (Line = 42, Column = 23) Malformed markup: Attribute "href" appears more than once in element
	at org.attoparser.MarkupEventProcessorHandler.handleAttribute(MarkupEventProcessorHandler.java:549)
	at org.attoparser.ParsingAttributeSequenceUtil.parseAttributeSequence(ParsingAttributeSequenceUtil.java:300)
	at org.attoparser.ParsingElementMarkupUtil.parseOpenElement(ParsingElementMarkupUtil.java:153)
	at org.attoparser.MarkupParser.parseBuffer(MarkupParser.java:710)
	at org.attoparser.MarkupParser.parseDocument(MarkupParser.java:301)
	at org.attoparser.MarkupParser.parse(MarkupParser.java:257)
	at org.thymeleaf.templateparser.markup.AbstractMarkupTemplateParser.parse(AbstractMarkupTemplateParser.java:230)
	at org.thymeleaf.templateparser.markup.AbstractMarkupTemplateParser.parseStandalone(AbstractMarkupTemplateParser.java:100)
	at org.thymeleaf.engine.TemplateManager.parseAndProcess(TemplateManager.java:666)
	at org.thymeleaf.TemplateEngine.process(TemplateEngine.java:1098)
	at org.thymeleaf.TemplateEngine.process(TemplateEngine.java:1072)
	at org.thymeleaf.spring5.view.ThymeleafView.renderFragment(ThymeleafView.java:362)
	at org.thymeleaf.spring5.view.ThymeleafView.render(ThymeleafView.java:189)
	at org.springframework.web.servlet.DispatcherServlet.render(DispatcherServlet.java:1373)
	at org.springframework.web.servlet.DispatcherServlet.processDispatchResult(DispatcherServlet.java:1118)
	at org.springframework.web.servlet.DispatcherServlet.doDispatch(DispatcherServlet.java:1057)
	at org.springframework.web.servlet.DispatcherServlet.doService(DispatcherServlet.java:943)
	at org.springframework.web.servlet.FrameworkServlet.processRequest(FrameworkServlet.java:1006)
	at org.springframework.web.servlet.FrameworkServlet.doGet(FrameworkServlet.java:898)
	at javax.servlet.http.HttpServlet.service(HttpServlet.java:634)
	at org.springframework.web.servlet.FrameworkServlet.service(FrameworkServlet.java:883)
	at javax.servlet.http.HttpServlet.service(HttpServlet.java:741)
	at org.apache.catalina.core.ApplicationFilterChain.internalDoFilter(ApplicationFilterChain.java:231)
	at org.apache.catalina.core.ApplicationFilterChain.doFilter(ApplicationFilterChain.java:166)
	at org.apache.tomcat.websocket.server.WsFilter.doFilter(WsFilter.java:53)
	at org.apache.catalina.core.ApplicationFilterChain.internalDoFilter(ApplicationFilterChain.java:193)
	at org.apache.catalina.core.ApplicationFilterChain.doFilter(ApplicationFilterChain.java:166)
	at org.springframework.web.filter.RequestContextFilter.doFilterInternal(RequestContextFilter.java:100)
	at org.springframework.web.filter.OncePerRequestFilter.doFilter(OncePerRequestFilter.java:119)
	at org.apache.catalina.core.ApplicationFilterChain.internalDoFilter(ApplicationFilterChain.java:193)
	at org.apache.catalina.core.ApplicationFilterChain.doFilter(ApplicationFilterChain.java:166)
	at org.springframework.web.filter.FormContentFilter.doFilterInternal(FormContentFilter.java:93)
	at org.springframework.web.filter.OncePerRequestFilter.doFilter(OncePerRequestFilter.java:119)
	at org.apache.catalina.core.ApplicationFilterChain.internalDoFilter(ApplicationFilterChain.java:193)
	at org.apache.catalina.core.ApplicationFilterChain.doFilter(ApplicationFilterChain.java:166)
	at org.springframework.web.filter.CharacterEncodingFilter.doFilterInternal(CharacterEncodingFilter.java:201)
	at org.springframework.web.filter.OncePerRequestFilter.doFilter(OncePerRequestFilter.java:119)
	at org.apache.catalina.core.ApplicationFilterChain.internalDoFilter(ApplicationFilterChain.java:193)
	at org.apache.catalina.core.ApplicationFilterChain.doFilter(ApplicationFilterChain.java:166)
	at org.apache.catalina.core.StandardWrapperValve.invoke(StandardWrapperValve.java:202)
	at org.apache.catalina.core.StandardContextValve.invoke(StandardContextValve.java:96)
	at org.apache.catalina.authenticator.AuthenticatorBase.invoke(AuthenticatorBase.java:541)
	at org.apache.catalina.core.StandardHostValve.invoke(StandardHostValve.java:139)
	at org.apache.catalina.valves.ErrorReportValve.invoke(ErrorReportValve.java:92)
	at org.apache.catalina.core.StandardEngineValve.invoke(StandardEngineValve.java:74)
	at org.apache.catalina.connector.CoyoteAdapter.service(CoyoteAdapter.java:343)
	at org.apache.coyote.http11.Http11Processor.service(Http11Processor.java:373)
	at org.apache.coyote.AbstractProcessorLight.process(AbstractProcessorLight.java:65)
	at org.apache.coyote.AbstractProtocol$ConnectionHandler.process(AbstractProtocol.java:868)
	at org.apache.tomcat.util.net.NioEndpoint$SocketProcessor.doRun(NioEndpoint.java:1594)
	at org.apache.tomcat.util.net.SocketProcessorBase.run(SocketProcessorBase.java:49)
	at java.util.concurrent.ThreadPoolExecutor.runWorker(ThreadPoolExecutor.java:1149)
	at java.util.concurrent.ThreadPoolExecutor$Worker.run(ThreadPoolExecutor.java:624)
	at org.apache.tomcat.util.threads.TaskThread$WrappingRunnable.run(TaskThread.java:61)
	at java.lang.Thread.run(Thread.java:748)
2020-04-27 10:41:27.393 [http-nio-8080-exec-10] INFO  com.whpu.blog.aspect.LogAspect - Result : LogAspect.ResultLog(url=http://localhost:8080/about, ip=0:0:0:0:0:0:0:1, classMethod=com.whpu.blog.controller.IndexController.about, args=[])
2020-04-27 10:41:27.393 [http-nio-8080-exec-10] INFO  com.whpu.blog.aspect.LogAspect - Result : about
2020-04-27 10:42:20.175 [http-nio-8080-exec-3] INFO  com.whpu.blog.aspect.LogAspect - Result : LogAspect.ResultLog(url=http://localhost:8080/archives, ip=0:0:0:0:0:0:0:1, classMethod=com.whpu.blog.controller.ArchiveShowController.archives, args=[{}])
2020-04-27 10:42:20.191 [http-nio-8080-exec-3] INFO  com.whpu.blog.aspect.LogAspect - Result : archives
2020-04-27 10:42:22.977 [http-nio-8080-exec-10] INFO  com.whpu.blog.aspect.LogAspect - Result : LogAspect.ResultLog(url=http://localhost:8080/tags/-1, ip=0:0:0:0:0:0:0:1, classMethod=com.whpu.blog.controller.TagShowController.tags, args=[-1, 5, {}])
2020-04-27 10:42:22.992 [http-nio-8080-exec-10] INFO  com.whpu.blog.aspect.LogAspect - Result : tags
2020-04-27 10:42:29.527 [http-nio-8080-exec-4] INFO  com.whpu.blog.aspect.LogAspect - Result : LogAspect.ResultLog(url=http://localhost:8080/types/-1, ip=0:0:0:0:0:0:0:1, classMethod=com.whpu.blog.controller.TypeShowController.types, args=[-1, {}, 1])
2020-04-27 10:42:29.536 [http-nio-8080-exec-4] INFO  com.whpu.blog.aspect.LogAspect - Result : types
2020-04-27 10:42:31.256 [http-nio-8080-exec-4] INFO  com.whpu.blog.aspect.LogAspect - Result : LogAspect.ResultLog(url=http://localhost:8080/, ip=0:0:0:0:0:0:0:1, classMethod=com.whpu.blog.controller.IndexController.index, args=[1, {}])
2020-04-27 10:42:31.267 [http-nio-8080-exec-4] INFO  com.whpu.blog.aspect.LogAspect - Result : index
2020-04-27 10:43:04.986 [http-nio-8080-exec-4] INFO  com.whpu.blog.aspect.LogAspect - Result : LogAspect.ResultLog(url=http://localhost:8080/search, ip=0:0:0:0:0:0:0:1, classMethod=com.whpu.blog.controller.IndexController.search, args=[1, 标题, {}])
2020-04-27 10:43:05.010 [http-nio-8080-exec-4] INFO  com.whpu.blog.aspect.LogAspect - Result : search
2020-04-27 10:48:16.148 [http-nio-8080-exec-8] WARN  org.springframework.validation.DataBinder - Skipping URI variable 'id' because request contains bind value with same name.
2020-04-27 10:48:27.600 [http-nio-8080-exec-7] WARN  org.springframework.validation.DataBinder - Skipping URI variable 'id' because request contains bind value with same name.
2020-04-27 10:48:37.122 [http-nio-8080-exec-3] WARN  org.springframework.validation.DataBinder - Skipping URI variable 'id' because request contains bind value with same name.
2020-04-27 10:48:43.243 [http-nio-8080-exec-9] WARN  org.springframework.validation.DataBinder - Skipping URI variable 'id' because request contains bind value with same name.
2020-04-27 10:48:49.936 [http-nio-8080-exec-5] WARN  org.springframework.validation.DataBinder - Skipping URI variable 'id' because request contains bind value with same name.
2020-04-27 10:48:59.895 [http-nio-8080-exec-1] WARN  org.springframework.validation.DataBinder - Skipping URI variable 'id' because request contains bind value with same name.
2020-04-27 10:49:10.823 [http-nio-8080-exec-10] WARN  org.springframework.validation.DataBinder - Skipping URI variable 'id' because request contains bind value with same name.
2020-04-27 11:55:45.118 [restartedMain] INFO  com.whpu.blog.BlogApplication - Starting BlogApplication on LAPTOP-F0HI9D8M with PID 488 (D:\IdeaProjects\blog\target\classes started by jy in D:\IdeaProjects\blog)
2020-04-27 11:55:45.119 [restartedMain] INFO  com.whpu.blog.BlogApplication - The following profiles are active: dev
2020-04-27 11:55:45.154 [restartedMain] INFO  o.s.b.d.env.DevToolsPropertyDefaultsPostProcessor - Devtools property defaults active! Set 'spring.devtools.add-properties' to 'false' to disable
2020-04-27 11:55:45.155 [restartedMain] INFO  o.s.b.d.env.DevToolsPropertyDefaultsPostProcessor - For additional web related logging consider setting the 'logging.level.web' property to 'DEBUG'
2020-04-27 11:55:46.205 [restartedMain] INFO  o.s.boot.web.embedded.tomcat.TomcatWebServer - Tomcat initialized with port(s): 8080 (http)
2020-04-27 11:55:46.211 [restartedMain] INFO  org.apache.coyote.http11.Http11NioProtocol - Initializing ProtocolHandler ["http-nio-8080"]
2020-04-27 11:55:46.211 [restartedMain] INFO  org.apache.catalina.core.StandardService - Starting service [Tomcat]
2020-04-27 11:55:46.212 [restartedMain] INFO  org.apache.catalina.core.StandardEngine - Starting Servlet engine: [Apache Tomcat/9.0.33]
2020-04-27 11:55:46.261 [restartedMain] INFO  o.a.c.core.ContainerBase.[Tomcat].[localhost].[/] - Initializing Spring embedded WebApplicationContext
2020-04-27 11:55:46.262 [restartedMain] INFO  org.springframework.web.context.ContextLoader - Root WebApplicationContext: initialization completed in 1107 ms
2020-04-27 11:55:46.848 [restartedMain] INFO  o.s.scheduling.concurrent.ThreadPoolTaskExecutor - Initializing ExecutorService 'applicationTaskExecutor'
2020-04-27 11:55:46.921 [restartedMain] INFO  o.s.b.a.web.servlet.WelcomePageHandlerMapping - Adding welcome page template: index
2020-04-27 11:55:46.941 [restartedMain] WARN  o.s.w.servlet.resource.ResourceHttpRequestHandler - Locations list is empty. No resources will be served unless a custom ResourceResolver is configured as an alternative to PathResourceResolver.
2020-04-27 11:55:47.184 [restartedMain] INFO  o.s.b.d.autoconfigure.OptionalLiveReloadServer - LiveReload server is running on port 35729
2020-04-27 11:55:47.209 [restartedMain] INFO  org.apache.coyote.http11.Http11NioProtocol - Starting ProtocolHandler ["http-nio-8080"]
2020-04-27 11:55:47.227 [restartedMain] INFO  o.s.boot.web.embedded.tomcat.TomcatWebServer - Tomcat started on port(s): 8080 (http) with context path ''
2020-04-27 11:55:47.230 [restartedMain] INFO  com.whpu.blog.BlogApplication - Started BlogApplication in 2.467 seconds (JVM running for 4.842)
2020-04-27 11:55:54.222 [http-nio-8080-exec-1] INFO  o.a.c.core.ContainerBase.[Tomcat].[localhost].[/] - Initializing Spring DispatcherServlet 'dispatcherServlet'
2020-04-27 11:55:54.223 [http-nio-8080-exec-1] INFO  org.springframework.web.servlet.DispatcherServlet - Initializing Servlet 'dispatcherServlet'
2020-04-27 11:55:54.232 [http-nio-8080-exec-1] INFO  org.springframework.web.servlet.DispatcherServlet - Completed initialization in 9 ms
2020-04-27 11:55:54.257 [http-nio-8080-exec-1] INFO  com.whpu.blog.aspect.LogAspect - Result : LogAspect.ResultLog(url=http://localhost:8080/, ip=0:0:0:0:0:0:0:1, classMethod=com.whpu.blog.controller.IndexController.index, args=[1, {}])
2020-04-27 11:55:54.323 [http-nio-8080-exec-1] INFO  com.alibaba.druid.pool.DruidDataSource - {dataSource-1} inited
2020-04-27 11:55:54.454 [http-nio-8080-exec-1] INFO  com.whpu.blog.aspect.LogAspect - Result : index
2020-04-27 12:34:19.765 [http-nio-8080-exec-6] WARN  org.springframework.validation.DataBinder - Skipping URI variable 'id' because request contains bind value with same name.
2020-04-27 12:34:30.023 [http-nio-8080-exec-9] INFO  com.whpu.blog.aspect.LogAspect - Result : LogAspect.ResultLog(url=http://localhost:8080/, ip=0:0:0:0:0:0:0:1, classMethod=com.whpu.blog.controller.IndexController.index, args=[1, {}])
2020-04-27 12:34:30.033 [http-nio-8080-exec-9] INFO  com.whpu.blog.aspect.LogAspect - Result : index
2020-04-27 12:34:32.197 [http-nio-8080-exec-9] INFO  com.whpu.blog.aspect.LogAspect - Result : LogAspect.ResultLog(url=http://localhost:8080/blog/1, ip=0:0:0:0:0:0:0:1, classMethod=com.whpu.blog.controller.IndexController.blog, args=[1, {}])
2020-04-27 12:34:32.251 [http-nio-8080-exec-9] INFO  com.whpu.blog.aspect.LogAspect - Result : blog
2020-04-27 12:34:32.667 [http-nio-8080-exec-1] INFO  com.whpu.blog.aspect.LogAspect - Result : LogAspect.ResultLog(url=http://localhost:8080/comments/1, ip=0:0:0:0:0:0:0:1, classMethod=com.whpu.blog.controller.CommentController.comments, args=[1, {}])
2020-04-27 12:34:32.673 [http-nio-8080-exec-1] INFO  com.whpu.blog.aspect.LogAspect - Result : blog :: commentList
2020-04-27 12:35:24.762 [http-nio-8080-exec-9] WARN  org.springframework.validation.DataBinder - Skipping URI variable 'id' because request contains bind value with same name.
2020-04-27 12:35:37.183 [http-nio-8080-exec-5] WARN  org.springframework.validation.DataBinder - Skipping URI variable 'id' because request contains bind value with same name.
2020-04-27 12:35:41.271 [http-nio-8080-exec-5] WARN  org.springframework.validation.DataBinder - Skipping URI variable 'id' because request contains bind value with same name.
2020-04-27 12:35:45.995 [http-nio-8080-exec-7] WARN  org.springframework.validation.DataBinder - Skipping URI variable 'id' because request contains bind value with same name.
2020-04-27 12:37:34.560 [http-nio-8080-exec-7] WARN  org.springframework.validation.DataBinder - Skipping URI variable 'id' because request contains bind value with same name.
2020-04-27 12:37:42.373 [http-nio-8080-exec-10] INFO  com.whpu.blog.aspect.LogAspect - Result : LogAspect.ResultLog(url=http://localhost:8080/, ip=0:0:0:0:0:0:0:1, classMethod=com.whpu.blog.controller.IndexController.index, args=[1, {}])
2020-04-27 12:37:42.382 [http-nio-8080-exec-10] INFO  com.whpu.blog.aspect.LogAspect - Result : index
2020-04-27 12:37:44.098 [http-nio-8080-exec-10] INFO  com.whpu.blog.aspect.LogAspect - Result : LogAspect.ResultLog(url=http://localhost:8080/blog/1, ip=0:0:0:0:0:0:0:1, classMethod=com.whpu.blog.controller.IndexController.blog, args=[1, {}])
2020-04-27 12:37:44.116 [http-nio-8080-exec-10] INFO  com.whpu.blog.aspect.LogAspect - Result : blog
2020-04-27 12:37:44.468 [http-nio-8080-exec-8] INFO  com.whpu.blog.aspect.LogAspect - Result : LogAspect.ResultLog(url=http://localhost:8080/comments/1, ip=0:0:0:0:0:0:0:1, classMethod=com.whpu.blog.controller.CommentController.comments, args=[1, {}])
2020-04-27 12:37:44.470 [http-nio-8080-exec-8] INFO  com.whpu.blog.aspect.LogAspect - Result : blog :: commentList
2020-04-27 12:37:53.953 [http-nio-8080-exec-7] INFO  com.whpu.blog.aspect.LogAspect - Result : LogAspect.ResultLog(url=http://localhost:8080/blog/1, ip=0:0:0:0:0:0:0:1, classMethod=com.whpu.blog.controller.IndexController.blog, args=[1, {}])
2020-04-27 12:37:53.961 [http-nio-8080-exec-7] INFO  com.whpu.blog.aspect.LogAspect - Result : blog
2020-04-27 12:37:54.267 [http-nio-8080-exec-5] INFO  com.whpu.blog.aspect.LogAspect - Result : LogAspect.ResultLog(url=http://localhost:8080/comments/1, ip=0:0:0:0:0:0:0:1, classMethod=com.whpu.blog.controller.CommentController.comments, args=[1, {}])
2020-04-27 12:37:54.269 [http-nio-8080-exec-5] INFO  com.whpu.blog.aspect.LogAspect - Result : blog :: commentList
2020-04-27 13:35:53.279 [http-nio-8080-exec-3] WARN  org.springframework.validation.DataBinder - Skipping URI variable 'id' because request contains bind value with same name.
2020-04-27 13:36:02.388 [http-nio-8080-exec-1] INFO  com.whpu.blog.aspect.LogAspect - Result : LogAspect.ResultLog(url=http://localhost:8080/, ip=0:0:0:0:0:0:0:1, classMethod=com.whpu.blog.controller.IndexController.index, args=[1, {}])
2020-04-27 13:36:02.398 [http-nio-8080-exec-1] INFO  com.whpu.blog.aspect.LogAspect - Result : index
2020-04-27 13:36:09.246 [http-nio-8080-exec-1] INFO  com.whpu.blog.aspect.LogAspect - Result : LogAspect.ResultLog(url=http://localhost:8080/blog/1, ip=0:0:0:0:0:0:0:1, classMethod=com.whpu.blog.controller.IndexController.blog, args=[1, {}])
2020-04-27 13:36:09.265 [http-nio-8080-exec-1] INFO  com.whpu.blog.aspect.LogAspect - Result : blog
2020-04-27 13:36:09.631 [http-nio-8080-exec-1] INFO  com.whpu.blog.aspect.LogAspect - Result : LogAspect.ResultLog(url=http://localhost:8080/comments/1, ip=0:0:0:0:0:0:0:1, classMethod=com.whpu.blog.controller.CommentController.comments, args=[1, {}])
2020-04-27 13:36:09.633 [http-nio-8080-exec-1] INFO  com.whpu.blog.aspect.LogAspect - Result : blog :: commentList
2020-04-27 13:37:24.453 [http-nio-8080-exec-1] WARN  org.springframework.validation.DataBinder - Skipping URI variable 'id' because request contains bind value with same name.
2020-04-27 13:37:27.781 [http-nio-8080-exec-7] INFO  com.whpu.blog.aspect.LogAspect - Result : LogAspect.ResultLog(url=http://localhost:8080/blog/1, ip=0:0:0:0:0:0:0:1, classMethod=com.whpu.blog.controller.IndexController.blog, args=[1, {}])
2020-04-27 13:37:27.824 [http-nio-8080-exec-7] INFO  com.whpu.blog.aspect.LogAspect - Result : blog
2020-04-27 13:37:28.152 [http-nio-8080-exec-9] INFO  com.whpu.blog.aspect.LogAspect - Result : LogAspect.ResultLog(url=http://localhost:8080/comments/1, ip=0:0:0:0:0:0:0:1, classMethod=com.whpu.blog.controller.CommentController.comments, args=[1, {}])
2020-04-27 13:37:28.155 [http-nio-8080-exec-9] INFO  com.whpu.blog.aspect.LogAspect - Result : blog :: commentList
2020-04-27 13:37:36.293 [http-nio-8080-exec-8] INFO  com.whpu.blog.aspect.LogAspect - Result : LogAspect.ResultLog(url=http://localhost:8080/about, ip=0:0:0:0:0:0:0:1, classMethod=com.whpu.blog.controller.IndexController.about, args=[])
2020-04-27 13:37:36.294 [http-nio-8080-exec-8] INFO  com.whpu.blog.aspect.LogAspect - Result : about
2020-04-27 13:37:50.537 [http-nio-8080-exec-8] INFO  com.whpu.blog.aspect.LogAspect - Result : LogAspect.ResultLog(url=http://localhost:8080/, ip=0:0:0:0:0:0:0:1, classMethod=com.whpu.blog.controller.IndexController.index, args=[1, {}])
2020-04-27 13:37:50.547 [http-nio-8080-exec-8] INFO  com.whpu.blog.aspect.LogAspect - Result : index
2020-04-27 13:38:04.911 [http-nio-8080-exec-8] INFO  com.whpu.blog.aspect.LogAspect - Result : LogAspect.ResultLog(url=http://localhost:8080/, ip=0:0:0:0:0:0:0:1, classMethod=com.whpu.blog.controller.IndexController.index, args=[1, {}])
2020-04-27 13:38:04.920 [http-nio-8080-exec-8] INFO  com.whpu.blog.aspect.LogAspect - Result : index
2020-04-27 13:49:22.043 [http-nio-8080-exec-4] INFO  com.whpu.blog.aspect.LogAspect - Result : LogAspect.ResultLog(url=http://localhost:8080/, ip=0:0:0:0:0:0:0:1, classMethod=com.whpu.blog.controller.IndexController.index, args=[1, {}])
2020-04-27 13:49:22.055 [http-nio-8080-exec-4] INFO  com.whpu.blog.aspect.LogAspect - Result : index
2020-04-27 13:49:23.531 [http-nio-8080-exec-4] INFO  com.whpu.blog.aspect.LogAspect - Result : LogAspect.ResultLog(url=http://localhost:8080/types/1, ip=0:0:0:0:0:0:0:1, classMethod=com.whpu.blog.controller.TypeShowController.types, args=[1, {}, 1])
2020-04-27 13:49:23.542 [http-nio-8080-exec-4] INFO  com.whpu.blog.aspect.LogAspect - Result : types
2020-04-27 13:49:28.773 [http-nio-8080-exec-5] INFO  com.whpu.blog.aspect.LogAspect - Result : LogAspect.ResultLog(url=http://localhost:8080/tags/4, ip=0:0:0:0:0:0:0:1, classMethod=com.whpu.blog.controller.TagShowController.tags, args=[4, 5, {}])
2020-04-27 13:49:28.786 [http-nio-8080-exec-5] INFO  com.whpu.blog.aspect.LogAspect - Result : tags
2020-04-27 13:49:33.460 [http-nio-8080-exec-5] INFO  com.whpu.blog.aspect.LogAspect - Result : LogAspect.ResultLog(url=http://localhost:8080/types/1, ip=0:0:0:0:0:0:0:1, classMethod=com.whpu.blog.controller.TypeShowController.types, args=[1, {}, 1])
2020-04-27 13:49:33.466 [http-nio-8080-exec-5] INFO  com.whpu.blog.aspect.LogAspect - Result : types
2020-04-27 13:51:40.316 [http-nio-8080-exec-6] INFO  com.whpu.blog.aspect.LogAspect - Result : LogAspect.ResultLog(url=http://localhost:8080/, ip=0:0:0:0:0:0:0:1, classMethod=com.whpu.blog.controller.IndexController.index, args=[1, {}])
2020-04-27 13:51:40.324 [http-nio-8080-exec-6] INFO  com.whpu.blog.aspect.LogAspect - Result : index
2020-04-27 13:51:41.685 [http-nio-8080-exec-1] INFO  com.whpu.blog.aspect.LogAspect - Result : LogAspect.ResultLog(url=http://localhost:8080/types/1, ip=0:0:0:0:0:0:0:1, classMethod=com.whpu.blog.controller.TypeShowController.types, args=[1, {}, 1])
2020-04-27 13:51:41.693 [http-nio-8080-exec-1] INFO  com.whpu.blog.aspect.LogAspect - Result : types
2020-04-27 13:51:47.373 [http-nio-8080-exec-1] INFO  com.whpu.blog.aspect.LogAspect - Result : LogAspect.ResultLog(url=http://localhost:8080/tags/3, ip=0:0:0:0:0:0:0:1, classMethod=com.whpu.blog.controller.TagShowController.tags, args=[3, 5, {}])
2020-04-27 13:51:47.380 [http-nio-8080-exec-1] INFO  com.whpu.blog.aspect.LogAspect - Result : tags
2020-04-27 13:51:49.308 [http-nio-8080-exec-1] INFO  com.whpu.blog.aspect.LogAspect - Result : LogAspect.ResultLog(url=http://localhost:8080/tags/1, ip=0:0:0:0:0:0:0:1, classMethod=com.whpu.blog.controller.TagShowController.tags, args=[1, 5, {}])
2020-04-27 13:51:49.316 [http-nio-8080-exec-1] INFO  com.whpu.blog.aspect.LogAspect - Result : tags
2020-04-27 13:51:58.646 [http-nio-8080-exec-1] INFO  com.whpu.blog.aspect.LogAspect - Result : LogAspect.ResultLog(url=http://localhost:8080/, ip=0:0:0:0:0:0:0:1, classMethod=com.whpu.blog.controller.IndexController.index, args=[1, {}])
2020-04-27 13:51:58.653 [http-nio-8080-exec-1] INFO  com.whpu.blog.aspect.LogAspect - Result : index
2020-04-27 13:52:27.582 [http-nio-8080-exec-1] INFO  com.whpu.blog.aspect.LogAspect - Result : LogAspect.ResultLog(url=http://localhost:8080/, ip=0:0:0:0:0:0:0:1, classMethod=com.whpu.blog.controller.IndexController.index, args=[1, {}])
2020-04-27 13:52:27.601 [http-nio-8080-exec-1] INFO  com.whpu.blog.aspect.LogAspect - Result : index
2020-04-27 13:59:37.999 [http-nio-8080-exec-9] INFO  com.whpu.blog.aspect.LogAspect - Result : LogAspect.ResultLog(url=http://localhost:8080/, ip=0:0:0:0:0:0:0:1, classMethod=com.whpu.blog.controller.IndexController.index, args=[1, {}])
2020-04-27 13:59:38.010 [http-nio-8080-exec-9] INFO  com.whpu.blog.aspect.LogAspect - Result : index
2020-04-27 13:59:39.162 [http-nio-8080-exec-9] INFO  com.whpu.blog.aspect.LogAspect - Result : LogAspect.ResultLog(url=http://localhost:8080/about, ip=0:0:0:0:0:0:0:1, classMethod=com.whpu.blog.controller.IndexController.about, args=[])
2020-04-27 13:59:39.162 [http-nio-8080-exec-9] INFO  com.whpu.blog.aspect.LogAspect - Result : about
2020-04-27 13:59:41.123 [http-nio-8080-exec-7] INFO  com.whpu.blog.aspect.LogAspect - Result : LogAspect.ResultLog(url=http://localhost:8080/, ip=0:0:0:0:0:0:0:1, classMethod=com.whpu.blog.controller.IndexController.index, args=[1, {}])
2020-04-27 13:59:41.132 [http-nio-8080-exec-7] INFO  com.whpu.blog.aspect.LogAspect - Result : index
2020-04-27 13:59:53.270 [http-nio-8080-exec-7] INFO  com.whpu.blog.aspect.LogAspect - Result : LogAspect.ResultLog(url=http://localhost:8080/blog/1, ip=0:0:0:0:0:0:0:1, classMethod=com.whpu.blog.controller.IndexController.blog, args=[1, {}])
2020-04-27 13:59:53.287 [http-nio-8080-exec-7] INFO  com.whpu.blog.aspect.LogAspect - Result : blog
2020-04-27 13:59:53.592 [http-nio-8080-exec-2] INFO  com.whpu.blog.aspect.LogAspect - Result : LogAspect.ResultLog(url=http://localhost:8080/comments/1, ip=0:0:0:0:0:0:0:1, classMethod=com.whpu.blog.controller.CommentController.comments, args=[1, {}])
2020-04-27 13:59:53.594 [http-nio-8080-exec-2] INFO  com.whpu.blog.aspect.LogAspect - Result : blog :: commentList
2020-04-27 14:00:07.068 [http-nio-8080-exec-9] INFO  com.whpu.blog.aspect.LogAspect - Result : LogAspect.ResultLog(url=http://localhost:8080/, ip=0:0:0:0:0:0:0:1, classMethod=com.whpu.blog.controller.IndexController.index, args=[1, {}])
2020-04-27 14:00:07.081 [http-nio-8080-exec-9] INFO  com.whpu.blog.aspect.LogAspect - Result : index
2020-04-27 14:00:08.314 [http-nio-8080-exec-9] INFO  com.whpu.blog.aspect.LogAspect - Result : LogAspect.ResultLog(url=http://localhost:8080/about, ip=0:0:0:0:0:0:0:1, classMethod=com.whpu.blog.controller.IndexController.about, args=[])
2020-04-27 14:00:08.314 [http-nio-8080-exec-9] INFO  com.whpu.blog.aspect.LogAspect - Result : about
2020-04-27 14:01:52.443 [http-nio-8080-exec-3] INFO  com.whpu.blog.aspect.LogAspect - Result : LogAspect.ResultLog(url=http://localhost:8080/, ip=0:0:0:0:0:0:0:1, classMethod=com.whpu.blog.controller.IndexController.index, args=[1, {}])
2020-04-27 14:01:52.453 [http-nio-8080-exec-3] INFO  com.whpu.blog.aspect.LogAspect - Result : index
2020-04-27 14:03:15.400 [http-nio-8080-exec-7] WARN  org.springframework.validation.DataBinder - Skipping URI variable 'id' because request contains bind value with same name.
2020-04-27 14:03:18.079 [http-nio-8080-exec-3] INFO  com.whpu.blog.aspect.LogAspect - Result : LogAspect.ResultLog(url=http://localhost:8080/, ip=0:0:0:0:0:0:0:1, classMethod=com.whpu.blog.controller.IndexController.index, args=[1, {}])
2020-04-27 14:03:18.089 [http-nio-8080-exec-3] INFO  com.whpu.blog.aspect.LogAspect - Result : index
2020-04-27 14:03:52.803 [http-nio-8080-exec-4] INFO  com.whpu.blog.aspect.LogAspect - Result : LogAspect.ResultLog(url=http://localhost:8080/, ip=0:0:0:0:0:0:0:1, classMethod=com.whpu.blog.controller.IndexController.index, args=[1, {}])
2020-04-27 14:03:52.811 [http-nio-8080-exec-4] INFO  com.whpu.blog.aspect.LogAspect - Result : index
2020-04-27 14:04:31.654 [http-nio-8080-exec-9] INFO  com.whpu.blog.aspect.LogAspect - Result : LogAspect.ResultLog(url=http://localhost:8080/, ip=0:0:0:0:0:0:0:1, classMethod=com.whpu.blog.controller.IndexController.index, args=[1, {}])
2020-04-27 14:04:31.662 [http-nio-8080-exec-9] INFO  com.whpu.blog.aspect.LogAspect - Result : index
2020-04-27 14:21:55.484 [restartedMain] INFO  com.whpu.blog.BlogApplication - Starting BlogApplication on LAPTOP-F0HI9D8M with PID 12628 (D:\IdeaProjects\blog\target\classes started by jy in D:\IdeaProjects\blog)
2020-04-27 14:21:55.488 [restartedMain] INFO  com.whpu.blog.BlogApplication - The following profiles are active: dev
2020-04-27 14:21:55.536 [restartedMain] INFO  o.s.b.d.env.DevToolsPropertyDefaultsPostProcessor - Devtools property defaults active! Set 'spring.devtools.add-properties' to 'false' to disable
2020-04-27 14:21:55.536 [restartedMain] INFO  o.s.b.d.env.DevToolsPropertyDefaultsPostProcessor - For additional web related logging consider setting the 'logging.level.web' property to 'DEBUG'
2020-04-27 14:21:56.516 [restartedMain] INFO  o.s.boot.web.embedded.tomcat.TomcatWebServer - Tomcat initialized with port(s): 8080 (http)
2020-04-27 14:21:56.522 [restartedMain] INFO  org.apache.coyote.http11.Http11NioProtocol - Initializing ProtocolHandler ["http-nio-8080"]
2020-04-27 14:21:56.522 [restartedMain] INFO  org.apache.catalina.core.StandardService - Starting service [Tomcat]
2020-04-27 14:21:56.522 [restartedMain] INFO  org.apache.catalina.core.StandardEngine - Starting Servlet engine: [Apache Tomcat/9.0.33]
2020-04-27 14:21:56.582 [restartedMain] INFO  o.a.c.core.ContainerBase.[Tomcat].[localhost].[/] - Initializing Spring embedded WebApplicationContext
2020-04-27 14:21:56.582 [restartedMain] INFO  org.springframework.web.context.ContextLoader - Root WebApplicationContext: initialization completed in 1046 ms
2020-04-27 14:21:57.166 [restartedMain] INFO  o.s.scheduling.concurrent.ThreadPoolTaskExecutor - Initializing ExecutorService 'applicationTaskExecutor'
2020-04-27 14:21:57.238 [restartedMain] INFO  o.s.b.a.web.servlet.WelcomePageHandlerMapping - Adding welcome page template: index
2020-04-27 14:21:57.258 [restartedMain] WARN  o.s.w.servlet.resource.ResourceHttpRequestHandler - Locations list is empty. No resources will be served unless a custom ResourceResolver is configured as an alternative to PathResourceResolver.
2020-04-27 14:21:57.504 [restartedMain] INFO  o.s.b.d.autoconfigure.OptionalLiveReloadServer - LiveReload server is running on port 35729
2020-04-27 14:21:57.529 [restartedMain] INFO  org.apache.coyote.http11.Http11NioProtocol - Starting ProtocolHandler ["http-nio-8080"]
2020-04-27 14:21:57.547 [restartedMain] INFO  o.s.boot.web.embedded.tomcat.TomcatWebServer - Tomcat started on port(s): 8080 (http) with context path ''
2020-04-27 14:21:57.550 [restartedMain] INFO  com.whpu.blog.BlogApplication - Started BlogApplication in 2.493 seconds (JVM running for 3.146)
2020-04-27 14:21:58.900 [http-nio-8080-exec-1] INFO  o.a.c.core.ContainerBase.[Tomcat].[localhost].[/] - Initializing Spring DispatcherServlet 'dispatcherServlet'
2020-04-27 14:21:58.902 [http-nio-8080-exec-1] INFO  org.springframework.web.servlet.DispatcherServlet - Initializing Servlet 'dispatcherServlet'
2020-04-27 14:21:58.919 [http-nio-8080-exec-1] INFO  org.springframework.web.servlet.DispatcherServlet - Completed initialization in 17 ms
2020-04-27 14:21:58.989 [http-nio-8080-exec-1] INFO  com.whpu.blog.aspect.LogAspect - Result : LogAspect.ResultLog(url=http://localhost:8080/, ip=127.0.0.1, classMethod=com.whpu.blog.controller.IndexController.index, args=[1, {}])
2020-04-27 14:21:59.166 [http-nio-8080-exec-1] INFO  com.alibaba.druid.pool.DruidDataSource - {dataSource-1} inited
2020-04-27 14:21:59.435 [http-nio-8080-exec-1] INFO  com.whpu.blog.aspect.LogAspect - Result : index
2020-04-27 14:22:17.265 [http-nio-8080-exec-5] INFO  com.whpu.blog.aspect.LogAspect - Result : LogAspect.ResultLog(url=http://localhost:8080/, ip=0:0:0:0:0:0:0:1, classMethod=com.whpu.blog.controller.IndexController.index, args=[1, {}])
2020-04-27 14:22:17.282 [http-nio-8080-exec-5] INFO  com.whpu.blog.aspect.LogAspect - Result : index
2020-04-27 14:23:17.510 [http-nio-8080-exec-6] INFO  com.whpu.blog.aspect.LogAspect - Result : LogAspect.ResultLog(url=http://localhost:8080/, ip=127.0.0.1, classMethod=com.whpu.blog.controller.IndexController.index, args=[1, {}])
2020-04-27 14:23:17.530 [http-nio-8080-exec-6] INFO  com.whpu.blog.aspect.LogAspect - Result : index
2020-04-27 14:24:26.190 [http-nio-8080-exec-1] INFO  com.whpu.blog.aspect.LogAspect - Result : LogAspect.ResultLog(url=http://localhost:8080/, ip=0:0:0:0:0:0:0:1, classMethod=com.whpu.blog.controller.IndexController.index, args=[1, {}])
2020-04-27 14:24:26.205 [http-nio-8080-exec-1] INFO  com.whpu.blog.aspect.LogAspect - Result : index
2020-04-27 14:24:28.183 [http-nio-8080-exec-1] INFO  com.whpu.blog.aspect.LogAspect - Result : LogAspect.ResultLog(url=http://localhost:8080/types/-1, ip=0:0:0:0:0:0:0:1, classMethod=com.whpu.blog.controller.TypeShowController.types, args=[-1, {}, 1])
2020-04-27 14:24:28.201 [http-nio-8080-exec-1] INFO  com.whpu.blog.aspect.LogAspect - Result : types
2020-04-27 14:24:31.832 [http-nio-8080-exec-3] INFO  com.whpu.blog.aspect.LogAspect - Result : LogAspect.ResultLog(url=http://localhost:8080/tags/-1, ip=0:0:0:0:0:0:0:1, classMethod=com.whpu.blog.controller.TagShowController.tags, args=[-1, 5, {}])
2020-04-27 14:24:31.845 [http-nio-8080-exec-3] INFO  com.whpu.blog.aspect.LogAspect - Result : tags
2020-04-27 14:24:34.887 [http-nio-8080-exec-3] INFO  com.whpu.blog.aspect.LogAspect - Result : LogAspect.ResultLog(url=http://localhost:8080/tags/2, ip=0:0:0:0:0:0:0:1, classMethod=com.whpu.blog.controller.TagShowController.tags, args=[2, 5, {}])
2020-04-27 14:24:34.897 [http-nio-8080-exec-3] INFO  com.whpu.blog.aspect.LogAspect - Result : tags
2020-04-27 14:24:37.992 [http-nio-8080-exec-3] INFO  com.whpu.blog.aspect.LogAspect - Result : LogAspect.ResultLog(url=http://localhost:8080/blog/1, ip=0:0:0:0:0:0:0:1, classMethod=com.whpu.blog.controller.IndexController.blog, args=[1, {}])
2020-04-27 14:24:38.046 [http-nio-8080-exec-3] INFO  com.whpu.blog.aspect.LogAspect - Result : blog
2020-04-27 14:24:38.467 [http-nio-8080-exec-10] INFO  com.whpu.blog.aspect.LogAspect - Result : LogAspect.ResultLog(url=http://localhost:8080/comments/1, ip=0:0:0:0:0:0:0:1, classMethod=com.whpu.blog.controller.CommentController.comments, args=[1, {}])
2020-04-27 14:24:38.561 [http-nio-8080-exec-10] INFO  com.whpu.blog.aspect.LogAspect - Result : blog :: commentList
2020-04-27 14:25:24.239 [http-nio-8080-exec-8] INFO  com.whpu.blog.aspect.LogAspect - Result : LogAspect.ResultLog(url=http://localhost:8080/, ip=0:0:0:0:0:0:0:1, classMethod=com.whpu.blog.controller.IndexController.index, args=[1, {}])
2020-04-27 14:25:24.252 [http-nio-8080-exec-8] INFO  com.whpu.blog.aspect.LogAspect - Result : index
2020-04-27 14:30:38.646 [http-nio-8080-exec-1] INFO  com.whpu.blog.aspect.LogAspect - Result : LogAspect.ResultLog(url=http://localhost:8080/, ip=0:0:0:0:0:0:0:1, classMethod=com.whpu.blog.controller.IndexController.index, args=[1, {}])
2020-04-27 14:30:38.659 [http-nio-8080-exec-1] INFO  com.whpu.blog.aspect.LogAspect - Result : index
2020-04-27 14:32:21.363 [http-nio-8080-exec-4] INFO  com.whpu.blog.aspect.LogAspect - Result : LogAspect.ResultLog(url=http://localhost:8080/, ip=0:0:0:0:0:0:0:1, classMethod=com.whpu.blog.controller.IndexController.index, args=[1, {}])
2020-04-27 14:32:21.373 [http-nio-8080-exec-4] INFO  com.whpu.blog.aspect.LogAspect - Result : index
2020-04-27 14:36:27.198 [http-nio-8080-exec-8] INFO  com.whpu.blog.aspect.LogAspect - Result : LogAspect.ResultLog(url=http://localhost:8080/, ip=0:0:0:0:0:0:0:1, classMethod=com.whpu.blog.controller.IndexController.index, args=[1, {}])
2020-04-27 14:36:27.211 [http-nio-8080-exec-8] INFO  com.whpu.blog.aspect.LogAspect - Result : index
2020-04-27 14:37:28.250 [http-nio-8080-exec-10] INFO  com.whpu.blog.aspect.LogAspect - Result : LogAspect.ResultLog(url=http://localhost:8080/, ip=0:0:0:0:0:0:0:1, classMethod=com.whpu.blog.controller.IndexController.index, args=[1, {}])
2020-04-27 14:37:28.261 [http-nio-8080-exec-10] INFO  com.whpu.blog.aspect.LogAspect - Result : index
2020-04-27 14:39:19.862 [http-nio-8080-exec-2] INFO  com.whpu.blog.aspect.LogAspect - Result : LogAspect.ResultLog(url=http://localhost:8080/, ip=0:0:0:0:0:0:0:1, classMethod=com.whpu.blog.controller.IndexController.index, args=[1, {}])
2020-04-27 14:39:19.874 [http-nio-8080-exec-2] INFO  com.whpu.blog.aspect.LogAspect - Result : index
2020-04-27 14:39:35.788 [http-nio-8080-exec-7] INFO  com.whpu.blog.aspect.LogAspect - Result : LogAspect.ResultLog(url=http://localhost:8080/, ip=0:0:0:0:0:0:0:1, classMethod=com.whpu.blog.controller.IndexController.index, args=[1, {}])
2020-04-27 14:39:35.800 [http-nio-8080-exec-7] INFO  com.whpu.blog.aspect.LogAspect - Result : index
2020-04-27 14:39:40.875 [http-nio-8080-exec-10] INFO  com.whpu.blog.aspect.LogAspect - Result : LogAspect.ResultLog(url=http://localhost:8080/, ip=0:0:0:0:0:0:0:1, classMethod=com.whpu.blog.controller.IndexController.index, args=[1, {}])
2020-04-27 14:39:40.886 [http-nio-8080-exec-10] INFO  com.whpu.blog.aspect.LogAspect - Result : index
2020-04-27 14:40:07.121 [http-nio-8080-exec-6] INFO  com.whpu.blog.aspect.LogAspect - Result : LogAspect.ResultLog(url=http://localhost:8080/, ip=0:0:0:0:0:0:0:1, classMethod=com.whpu.blog.controller.IndexController.index, args=[1, {}])
2020-04-27 14:40:07.135 [http-nio-8080-exec-6] INFO  com.whpu.blog.aspect.LogAspect - Result : index
2020-04-27 14:40:22.588 [http-nio-8080-exec-6] INFO  com.whpu.blog.aspect.LogAspect - Result : LogAspect.ResultLog(url=http://localhost:8080/, ip=0:0:0:0:0:0:0:1, classMethod=com.whpu.blog.controller.IndexController.index, args=[1, {}])
2020-04-27 14:40:22.599 [http-nio-8080-exec-6] INFO  com.whpu.blog.aspect.LogAspect - Result : index
2020-04-27 14:42:02.928 [restartedMain] INFO  com.whpu.blog.BlogApplication - Starting BlogApplication on LAPTOP-F0HI9D8M with PID 13256 (D:\IdeaProjects\blog\target\classes started by jy in D:\IdeaProjects\blog)
2020-04-27 14:42:02.957 [restartedMain] INFO  com.whpu.blog.BlogApplication - The following profiles are active: dev
2020-04-27 14:42:02.993 [restartedMain] INFO  o.s.b.d.env.DevToolsPropertyDefaultsPostProcessor - Devtools property defaults active! Set 'spring.devtools.add-properties' to 'false' to disable
2020-04-27 14:42:02.994 [restartedMain] INFO  o.s.b.d.env.DevToolsPropertyDefaultsPostProcessor - For additional web related logging consider setting the 'logging.level.web' property to 'DEBUG'
2020-04-27 14:42:04.047 [restartedMain] INFO  o.s.boot.web.embedded.tomcat.TomcatWebServer - Tomcat initialized with port(s): 8080 (http)
2020-04-27 14:42:04.055 [restartedMain] INFO  org.apache.coyote.http11.Http11NioProtocol - Initializing ProtocolHandler ["http-nio-8080"]
2020-04-27 14:42:04.056 [restartedMain] INFO  org.apache.catalina.core.StandardService - Starting service [Tomcat]
2020-04-27 14:42:04.056 [restartedMain] INFO  org.apache.catalina.core.StandardEngine - Starting Servlet engine: [Apache Tomcat/9.0.33]
2020-04-27 14:42:04.118 [restartedMain] INFO  o.a.c.core.ContainerBase.[Tomcat].[localhost].[/] - Initializing Spring embedded WebApplicationContext
2020-04-27 14:42:04.118 [restartedMain] INFO  org.springframework.web.context.ContextLoader - Root WebApplicationContext: initialization completed in 1124 ms
2020-04-27 14:42:04.786 [restartedMain] INFO  o.s.scheduling.concurrent.ThreadPoolTaskExecutor - Initializing ExecutorService 'applicationTaskExecutor'
2020-04-27 14:42:04.884 [restartedMain] INFO  o.s.b.a.web.servlet.WelcomePageHandlerMapping - Adding welcome page template: index
2020-04-27 14:42:04.913 [restartedMain] WARN  o.s.w.servlet.resource.ResourceHttpRequestHandler - Locations list is empty. No resources will be served unless a custom ResourceResolver is configured as an alternative to PathResourceResolver.
2020-04-27 14:42:05.229 [restartedMain] INFO  o.s.b.d.autoconfigure.OptionalLiveReloadServer - LiveReload server is running on port 35729
2020-04-27 14:42:05.256 [restartedMain] INFO  org.apache.coyote.http11.Http11NioProtocol - Starting ProtocolHandler ["http-nio-8080"]
2020-04-27 14:42:05.277 [restartedMain] INFO  o.s.boot.web.embedded.tomcat.TomcatWebServer - Tomcat started on port(s): 8080 (http) with context path ''
2020-04-27 14:42:05.280 [restartedMain] INFO  com.whpu.blog.BlogApplication - Started BlogApplication in 2.731 seconds (JVM running for 3.267)
2020-04-27 14:42:07.041 [http-nio-8080-exec-1] INFO  o.a.c.core.ContainerBase.[Tomcat].[localhost].[/] - Initializing Spring DispatcherServlet 'dispatcherServlet'
2020-04-27 14:42:07.041 [http-nio-8080-exec-1] INFO  org.springframework.web.servlet.DispatcherServlet - Initializing Servlet 'dispatcherServlet'
2020-04-27 14:42:07.049 [http-nio-8080-exec-1] INFO  org.springframework.web.servlet.DispatcherServlet - Completed initialization in 8 ms
2020-04-27 14:42:07.072 [http-nio-8080-exec-1] INFO  com.whpu.blog.aspect.LogAspect - Result : LogAspect.ResultLog(url=http://localhost:8080/, ip=0:0:0:0:0:0:0:1, classMethod=com.whpu.blog.controller.IndexController.index, args=[1, {}])
2020-04-27 14:42:07.154 [http-nio-8080-exec-1] INFO  com.alibaba.druid.pool.DruidDataSource - {dataSource-1} inited
2020-04-27 14:42:07.320 [http-nio-8080-exec-1] INFO  com.whpu.blog.aspect.LogAspect - Result : index
2020-04-27 14:42:12.602 [http-nio-8080-exec-6] INFO  com.whpu.blog.aspect.LogAspect - Result : LogAspect.ResultLog(url=http://localhost:8080/, ip=0:0:0:0:0:0:0:1, classMethod=com.whpu.blog.controller.IndexController.index, args=[1, {}])
2020-04-27 14:42:12.615 [http-nio-8080-exec-6] INFO  com.whpu.blog.aspect.LogAspect - Result : index
2020-04-27 14:42:38.629 [http-nio-8080-exec-6] INFO  com.whpu.blog.aspect.LogAspect - Result : LogAspect.ResultLog(url=http://localhost:8080/, ip=0:0:0:0:0:0:0:1, classMethod=com.whpu.blog.controller.IndexController.index, args=[1, {}])
2020-04-27 14:42:38.638 [http-nio-8080-exec-6] INFO  com.whpu.blog.aspect.LogAspect - Result : index
2020-04-27 14:42:40.267 [http-nio-8080-exec-7] INFO  com.whpu.blog.aspect.LogAspect - Result : LogAspect.ResultLog(url=http://localhost:8080/, ip=0:0:0:0:0:0:0:1, classMethod=com.whpu.blog.controller.IndexController.index, args=[1, {}])
2020-04-27 14:42:40.281 [http-nio-8080-exec-7] INFO  com.whpu.blog.aspect.LogAspect - Result : index
2020-04-27 14:43:54.006 [http-nio-8080-exec-10] INFO  com.whpu.blog.aspect.LogAspect - Result : LogAspect.ResultLog(url=http://localhost:8080/, ip=0:0:0:0:0:0:0:1, classMethod=com.whpu.blog.controller.IndexController.index, args=[1, {}])
2020-04-27 14:43:54.024 [http-nio-8080-exec-10] INFO  com.whpu.blog.aspect.LogAspect - Result : index
2020-04-27 14:43:55.145 [http-nio-8080-exec-10] INFO  com.whpu.blog.aspect.LogAspect - Result : LogAspect.ResultLog(url=http://localhost:8080/, ip=0:0:0:0:0:0:0:1, classMethod=com.whpu.blog.controller.IndexController.index, args=[1, {}])
2020-04-27 14:43:55.157 [http-nio-8080-exec-10] INFO  com.whpu.blog.aspect.LogAspect - Result : index
2020-04-27 14:43:59.770 [http-nio-8080-exec-2] INFO  com.whpu.blog.aspect.LogAspect - Result : LogAspect.ResultLog(url=http://localhost:8080/, ip=0:0:0:0:0:0:0:1, classMethod=com.whpu.blog.controller.IndexController.index, args=[1, {}])
2020-04-27 14:43:59.780 [http-nio-8080-exec-2] INFO  com.whpu.blog.aspect.LogAspect - Result : index
2020-04-27 14:45:06.309 [http-nio-8080-exec-7] INFO  com.whpu.blog.aspect.LogAspect - Result : LogAspect.ResultLog(url=http://localhost:8080/, ip=0:0:0:0:0:0:0:1, classMethod=com.whpu.blog.controller.IndexController.index, args=[1, {}])
2020-04-27 14:45:06.321 [http-nio-8080-exec-7] INFO  com.whpu.blog.aspect.LogAspect - Result : index
2020-04-27 14:45:08.262 [http-nio-8080-exec-7] INFO  com.whpu.blog.aspect.LogAspect - Result : LogAspect.ResultLog(url=http://localhost:8080/, ip=0:0:0:0:0:0:0:1, classMethod=com.whpu.blog.controller.IndexController.index, args=[1, {}])
2020-04-27 14:45:08.270 [http-nio-8080-exec-7] INFO  com.whpu.blog.aspect.LogAspect - Result : index
2020-04-27 14:45:10.026 [http-nio-8080-exec-5] INFO  com.whpu.blog.aspect.LogAspect - Result : LogAspect.ResultLog(url=http://localhost:8080/, ip=0:0:0:0:0:0:0:1, classMethod=com.whpu.blog.controller.IndexController.index, args=[1, {}])
2020-04-27 14:45:10.037 [http-nio-8080-exec-5] INFO  com.whpu.blog.aspect.LogAspect - Result : index
2020-04-27 14:46:13.246 [http-nio-8080-exec-4] INFO  com.whpu.blog.aspect.LogAspect - Result : LogAspect.ResultLog(url=http://localhost:8080/, ip=0:0:0:0:0:0:0:1, classMethod=com.whpu.blog.controller.IndexController.index, args=[1, {}])
2020-04-27 14:46:13.259 [http-nio-8080-exec-4] INFO  com.whpu.blog.aspect.LogAspect - Result : index
2020-04-27 14:46:16.074 [http-nio-8080-exec-1] INFO  com.whpu.blog.aspect.LogAspect - Result : LogAspect.ResultLog(url=http://localhost:8080/, ip=0:0:0:0:0:0:0:1, classMethod=com.whpu.blog.controller.IndexController.index, args=[1, {}])
2020-04-27 14:46:16.086 [http-nio-8080-exec-1] INFO  com.whpu.blog.aspect.LogAspect - Result : index
2020-04-27 14:46:45.564 [http-nio-8080-exec-7] INFO  com.whpu.blog.aspect.LogAspect - Result : LogAspect.ResultLog(url=http://localhost:8080/, ip=0:0:0:0:0:0:0:1, classMethod=com.whpu.blog.controller.IndexController.index, args=[1, {}])
2020-04-27 14:46:45.574 [http-nio-8080-exec-7] INFO  com.whpu.blog.aspect.LogAspect - Result : index
2020-04-27 14:47:03.200 [http-nio-8080-exec-2] INFO  com.whpu.blog.aspect.LogAspect - Result : LogAspect.ResultLog(url=http://localhost:8080/blog/1, ip=0:0:0:0:0:0:0:1, classMethod=com.whpu.blog.controller.IndexController.blog, args=[1, {}])
2020-04-27 14:47:03.266 [http-nio-8080-exec-2] INFO  com.whpu.blog.aspect.LogAspect - Result : blog
2020-04-27 14:47:03.680 [http-nio-8080-exec-10] INFO  com.whpu.blog.aspect.LogAspect - Result : LogAspect.ResultLog(url=http://localhost:8080/comments/1, ip=0:0:0:0:0:0:0:1, classMethod=com.whpu.blog.controller.CommentController.comments, args=[1, {}])
2020-04-27 14:47:03.686 [http-nio-8080-exec-10] INFO  com.whpu.blog.aspect.LogAspect - Result : blog :: commentList
2020-04-27 19:50:37.326 [restartedMain] INFO  com.whpu.blog.BlogApplication - Starting BlogApplication on LAPTOP-F0HI9D8M with PID 1592 (D:\IdeaProjects\blog\target\classes started by jy in D:\IdeaProjects\blog)
2020-04-27 19:50:37.354 [restartedMain] INFO  com.whpu.blog.BlogApplication - The following profiles are active: dev
2020-04-27 19:50:37.398 [restartedMain] INFO  o.s.b.d.env.DevToolsPropertyDefaultsPostProcessor - Devtools property defaults active! Set 'spring.devtools.add-properties' to 'false' to disable
2020-04-27 19:50:37.398 [restartedMain] INFO  o.s.b.d.env.DevToolsPropertyDefaultsPostProcessor - For additional web related logging consider setting the 'logging.level.web' property to 'DEBUG'
2020-04-27 19:50:38.401 [restartedMain] INFO  o.s.boot.web.embedded.tomcat.TomcatWebServer - Tomcat initialized with port(s): 8080 (http)
2020-04-27 19:50:38.407 [restartedMain] INFO  org.apache.coyote.http11.Http11NioProtocol - Initializing ProtocolHandler ["http-nio-8080"]
2020-04-27 19:50:38.408 [restartedMain] INFO  org.apache.catalina.core.StandardService - Starting service [Tomcat]
2020-04-27 19:50:38.408 [restartedMain] INFO  org.apache.catalina.core.StandardEngine - Starting Servlet engine: [Apache Tomcat/9.0.33]
2020-04-27 19:50:38.466 [restartedMain] INFO  o.a.c.core.ContainerBase.[Tomcat].[localhost].[/] - Initializing Spring embedded WebApplicationContext
2020-04-27 19:50:38.466 [restartedMain] INFO  org.springframework.web.context.ContextLoader - Root WebApplicationContext: initialization completed in 1068 ms
2020-04-27 19:50:39.042 [restartedMain] INFO  o.s.scheduling.concurrent.ThreadPoolTaskExecutor - Initializing ExecutorService 'applicationTaskExecutor'
2020-04-27 19:50:39.113 [restartedMain] INFO  o.s.b.a.web.servlet.WelcomePageHandlerMapping - Adding welcome page template: index
2020-04-27 19:50:39.133 [restartedMain] WARN  o.s.w.servlet.resource.ResourceHttpRequestHandler - Locations list is empty. No resources will be served unless a custom ResourceResolver is configured as an alternative to PathResourceResolver.
2020-04-27 19:50:39.380 [restartedMain] INFO  o.s.b.d.autoconfigure.OptionalLiveReloadServer - LiveReload server is running on port 35729
2020-04-27 19:50:39.405 [restartedMain] INFO  org.apache.coyote.http11.Http11NioProtocol - Starting ProtocolHandler ["http-nio-8080"]
2020-04-27 19:50:39.423 [restartedMain] INFO  o.s.boot.web.embedded.tomcat.TomcatWebServer - Tomcat started on port(s): 8080 (http) with context path ''
2020-04-27 19:50:39.426 [restartedMain] INFO  com.whpu.blog.BlogApplication - Started BlogApplication in 2.505 seconds (JVM running for 3.195)
2020-04-27 19:51:15.292 [http-nio-8080-exec-1] INFO  o.a.c.core.ContainerBase.[Tomcat].[localhost].[/] - Initializing Spring DispatcherServlet 'dispatcherServlet'
2020-04-27 19:51:15.293 [http-nio-8080-exec-1] INFO  org.springframework.web.servlet.DispatcherServlet - Initializing Servlet 'dispatcherServlet'
2020-04-27 19:51:15.304 [http-nio-8080-exec-1] INFO  org.springframework.web.servlet.DispatcherServlet - Completed initialization in 11 ms
2020-04-27 19:51:15.333 [http-nio-8080-exec-1] INFO  com.whpu.blog.aspect.LogAspect - Result : LogAspect.ResultLog(url=http://localhost:8080/, ip=0:0:0:0:0:0:0:1, classMethod=com.whpu.blog.controller.IndexController.index, args=[1, {}])
2020-04-27 19:51:15.397 [http-nio-8080-exec-1] INFO  com.alibaba.druid.pool.DruidDataSource - {dataSource-1} inited
2020-04-27 19:51:15.539 [http-nio-8080-exec-1] INFO  com.whpu.blog.aspect.LogAspect - Result : index
2020-04-27 19:51:17.862 [http-nio-8080-exec-1] INFO  com.whpu.blog.aspect.LogAspect - Result : LogAspect.ResultLog(url=http://localhost:8080/blog/1, ip=0:0:0:0:0:0:0:1, classMethod=com.whpu.blog.controller.IndexController.blog, args=[1, {}])
2020-04-27 19:51:17.918 [http-nio-8080-exec-1] INFO  com.whpu.blog.aspect.LogAspect - Result : blog
2020-04-27 19:51:18.354 [http-nio-8080-exec-7] INFO  com.whpu.blog.aspect.LogAspect - Result : LogAspect.ResultLog(url=http://localhost:8080/comments/1, ip=0:0:0:0:0:0:0:1, classMethod=com.whpu.blog.controller.CommentController.comments, args=[1, {}])
2020-04-27 19:51:18.363 [http-nio-8080-exec-7] INFO  com.whpu.blog.aspect.LogAspect - Result : blog :: commentList
2020-04-27 19:59:48.424 [restartedMain] INFO  com.whpu.blog.BlogApplication - Starting BlogApplication on LAPTOP-F0HI9D8M with PID 5096 (D:\IdeaProjects\blog\target\classes started by jy in D:\IdeaProjects\blog)
2020-04-27 19:59:48.429 [restartedMain] INFO  com.whpu.blog.BlogApplication - The following profiles are active: dev
2020-04-27 19:59:48.514 [restartedMain] INFO  o.s.b.d.env.DevToolsPropertyDefaultsPostProcessor - Devtools property defaults active! Set 'spring.devtools.add-properties' to 'false' to disable
2020-04-27 19:59:48.515 [restartedMain] INFO  o.s.b.d.env.DevToolsPropertyDefaultsPostProcessor - For additional web related logging consider setting the 'logging.level.web' property to 'DEBUG'
2020-04-27 19:59:49.673 [restartedMain] INFO  o.s.boot.web.embedded.tomcat.TomcatWebServer - Tomcat initialized with port(s): 8080 (http)
2020-04-27 19:59:49.679 [restartedMain] INFO  org.apache.coyote.http11.Http11NioProtocol - Initializing ProtocolHandler ["http-nio-8080"]
2020-04-27 19:59:49.679 [restartedMain] INFO  org.apache.catalina.core.StandardService - Starting service [Tomcat]
2020-04-27 19:59:49.680 [restartedMain] INFO  org.apache.catalina.core.StandardEngine - Starting Servlet engine: [Apache Tomcat/9.0.33]
2020-04-27 19:59:49.739 [restartedMain] INFO  o.a.c.core.ContainerBase.[Tomcat].[localhost].[/] - Initializing Spring embedded WebApplicationContext
2020-04-27 19:59:49.739 [restartedMain] INFO  org.springframework.web.context.ContextLoader - Root WebApplicationContext: initialization completed in 1224 ms
2020-04-27 19:59:50.327 [restartedMain] INFO  o.s.scheduling.concurrent.ThreadPoolTaskExecutor - Initializing ExecutorService 'applicationTaskExecutor'
2020-04-27 19:59:50.396 [restartedMain] INFO  o.s.b.a.web.servlet.WelcomePageHandlerMapping - Adding welcome page template: index
2020-04-27 19:59:50.422 [restartedMain] WARN  o.s.w.servlet.resource.ResourceHttpRequestHandler - Locations list is empty. No resources will be served unless a custom ResourceResolver is configured as an alternative to PathResourceResolver.
2020-04-27 19:59:50.706 [restartedMain] INFO  o.s.b.d.autoconfigure.OptionalLiveReloadServer - LiveReload server is running on port 35729
2020-04-27 19:59:50.728 [restartedMain] INFO  org.apache.coyote.http11.Http11NioProtocol - Starting ProtocolHandler ["http-nio-8080"]
2020-04-27 19:59:51.011 [restartedMain] INFO  o.s.boot.web.embedded.tomcat.TomcatWebServer - Tomcat started on port(s): 8080 (http) with context path ''
2020-04-27 19:59:51.013 [restartedMain] INFO  com.whpu.blog.BlogApplication - Started BlogApplication in 3.49 seconds (JVM running for 4.812)
2020-04-27 20:00:05.658 [http-nio-8080-exec-1] INFO  o.a.c.core.ContainerBase.[Tomcat].[localhost].[/] - Initializing Spring DispatcherServlet 'dispatcherServlet'
2020-04-27 20:00:05.658 [http-nio-8080-exec-1] INFO  org.springframework.web.servlet.DispatcherServlet - Initializing Servlet 'dispatcherServlet'
2020-04-27 20:00:05.666 [http-nio-8080-exec-1] INFO  org.springframework.web.servlet.DispatcherServlet - Completed initialization in 8 ms
2020-04-27 20:00:05.689 [http-nio-8080-exec-1] INFO  com.whpu.blog.aspect.LogAspect - Result : LogAspect.ResultLog(url=http://localhost:8080/, ip=0:0:0:0:0:0:0:1, classMethod=com.whpu.blog.controller.IndexController.index, args=[1, {}])
2020-04-27 20:00:05.753 [http-nio-8080-exec-1] INFO  com.alibaba.druid.pool.DruidDataSource - {dataSource-1} inited
2020-04-27 20:00:05.932 [http-nio-8080-exec-1] INFO  com.whpu.blog.aspect.LogAspect - Result : index
2020-04-27 20:00:10.625 [http-nio-8080-exec-1] INFO  com.whpu.blog.aspect.LogAspect - Result : LogAspect.ResultLog(url=http://localhost:8080/blog/1, ip=0:0:0:0:0:0:0:1, classMethod=com.whpu.blog.controller.IndexController.blog, args=[1, {}])
2020-04-27 20:00:10.672 [http-nio-8080-exec-1] INFO  com.whpu.blog.aspect.LogAspect - Result : blog
2020-04-27 20:00:11.154 [http-nio-8080-exec-6] INFO  com.whpu.blog.aspect.LogAspect - Result : LogAspect.ResultLog(url=http://localhost:8080/comments/1, ip=0:0:0:0:0:0:0:1, classMethod=com.whpu.blog.controller.CommentController.comments, args=[1, {}])
2020-04-27 20:00:11.169 [http-nio-8080-exec-6] INFO  com.whpu.blog.aspect.LogAspect - Result : blog :: commentList
